[tree_inference] started at 2026-07-12T23:56:43.212625+00:00

============================================================
Step 1. Select gene and image features for each sample
============================================================

============================================================
Selecting region-specific gene and image features
============================================================

==================== Sample: H1 ====================

-------------------- Gene feature selection --------------------
Detected 15029 gene features.
Included tissue regions: ['connective_tissue', 'adipose_tissue', 'cancer_in_situ', 'invasive_cancer', 'breast_glands', 'immune_infiltrate']
Data contains: {'connective_tissue', 'adipose_tissue', 'cancer_in_situ', 'breast_glands', 'unknown', 'immune_infiltrate', 'invasive_cancer'}

----------- Region: connective_tissue -----------
Sorted by in_out_group_ratio:
         genes  in_group_fraction  out_group_fraction  in_out_group_ratio  in_group_mean_exp  out_group_mean_exp  fold_change     pvals_adj
531    C7ORF57           0.044087            0.000059          750.893522           0.002711            0.000001     1.002713  3.309965e-07
316      CDH15           0.064937            0.000705           92.167436           0.004153            0.000021     1.004140  7.401555e-14
315   IGHV3-33           0.064937            0.000705           92.167436           0.004153            0.000021     1.004140  7.401555e-14
530     TCEAL6           0.044724            0.000587           76.173675           0.004277            0.000036     1.004250  3.093687e-07
882     MCOLN3           0.023078            0.000352           65.511168           0.002043            0.000020     1.002025  9.146656e-03
...        ...                ...                 ...                 ...                ...                 ...          ...           ...
1943     CDKL4           0.000000            0.000000                 NaN           0.000000            0.000000     1.000000  1.000000e+00
1944  ANKRD36C           0.000000            0.000000                 NaN           0.000000            0.000000     1.000000  1.000000e+00
1945    CKAP2L           0.000000            0.000000                 NaN           0.000000            0.000000     1.000000  1.000000e+00
1946    ANXA13           0.000000            0.000000                 NaN           0.000000            0.000000     1.000000  1.000000e+00
1947    IL1RL1           0.000000            0.000000                 NaN           0.000000            0.000000     1.000000  1.000000e+00

[15029 rows x 8 columns]
Sorted by fold_change:
         genes  in_group_fraction  out_group_fraction  in_out_group_ratio  in_group_mean_exp  out_group_mean_exp  fold_change      pvals_adj
0       ADAM17           0.916282            0.719822            1.272929           0.168251            0.101890     1.068612   0.000000e+00
80        MZB1           1.000000            0.998473            1.001529           0.678717            0.618449     1.062121   8.595404e-43
1      DENND4C           0.531116            0.258161            2.057303           0.061271            0.018885     1.043297  3.760509e-274
2       B3GNT8           0.523794            0.245949            2.129689           0.067381            0.026471     1.041758  1.746977e-264
12      TRIM29           0.918033            0.853863            1.075152           0.166093            0.125876     1.041037  7.465127e-130
...        ...                ...                 ...                 ...                ...                 ...          ...            ...
14987   TMSB10           1.000000            1.000000            1.000000           2.311279            2.864638     0.575015   0.000000e+00
15006     PFN1           1.000000            1.000000            1.000000           1.394047            1.961235     0.567118   0.000000e+00
14991      MGP           1.000000            1.000000            1.000000           1.274816            1.902427     0.533866   0.000000e+00
15001    ERBB2           1.000000            1.000000            1.000000           1.237178            1.921750     0.504306   0.000000e+00
15026     ACTB           1.000000            1.000000            1.000000           1.051715            1.757340     0.493800   0.000000e+00

[15029 rows x 8 columns]
Data contains: {'connective_tissue', 'adipose_tissue', 'cancer_in_situ', 'breast_glands', 'unknown', 'immune_infiltrate', 'invasive_cancer'}

----------- Region: adipose_tissue -----------
Sorted by in_out_group_ratio:
           genes  in_group_fraction  out_group_fraction  in_out_group_ratio  in_group_mean_exp  out_group_mean_exp  fold_change     pvals_adj
1791       GCOM1           0.026683                 0.0                 inf           0.001369                 0.0     1.001370  9.473850e-03
592          EVC           0.112968                 0.0                 inf           0.007615                 0.0     1.007644  3.792696e-29
356        FSCN3           0.149127                 0.0                 inf           0.009757                 0.0     1.009805  1.168224e-49
1943      ZNF461           0.019701                 0.0                 inf           0.000584                 0.0     1.000584  5.702150e-02
781        CDCP2           0.094763                 0.0                 inf           0.005708                 0.0     1.005724  6.030722e-21
...          ...                ...                 ...                 ...                ...                 ...          ...           ...
2843     PABPC4L           0.000000                 0.0                 NaN           0.000000                 0.0     1.000000  1.000000e+00
2844     CXORF57           0.000000                 0.0                 NaN           0.000000                 0.0     1.000000  1.000000e+00
2845       PEBP4           0.000000                 0.0                 NaN           0.000000                 0.0     1.000000  1.000000e+00
2846      SEMA5B           0.000000                 0.0                 NaN           0.000000                 0.0     1.000000  1.000000e+00
2847  AL023806.1           0.000000                 0.0                 NaN           0.000000                 0.0     1.000000  1.000000e+00

[15029 rows x 8 columns]
Sorted by fold_change:
       genes  in_group_fraction  out_group_fraction  in_out_group_ratio  in_group_mean_exp  out_group_mean_exp  fold_change      pvals_adj
1       GPX3           1.000000            0.980938            1.019433           0.656061            0.295532     1.434087   0.000000e+00
10       CFD           1.000000            0.977881            1.022619           0.726513            0.408343     1.374610   0.000000e+00
9      FABP4           0.765835            0.279461            2.740399           0.342883            0.046816     1.344561   0.000000e+00
5      ADH1B           0.780050            0.240870            3.238465           0.310458            0.030368     1.323249   0.000000e+00
2       CDR1           0.743392            0.106708            6.966589           0.285619            0.021754     1.301953   0.000000e+00
...      ...                ...                 ...                 ...                ...                 ...          ...            ...
14498  ACTG1           0.968579            0.990417            0.977950           0.363950            0.802025     0.645277   0.000000e+00
14829    MDK           1.000000            1.000000            1.000000           0.880183            1.374553     0.609955   0.000000e+00
14431    MGP           1.000000            1.000000            1.000000           1.301252            1.823040     0.593458   0.000000e+00
13401  ERBB2           1.000000            1.000000            1.000000           1.293123            1.829527     0.584848  1.170819e-204
15022   SDC1           1.000000            1.000000            1.000000           0.589106            1.144042     0.574109   0.000000e+00

[15029 rows x 8 columns]
Data contains: {'connective_tissue', 'adipose_tissue', 'cancer_in_situ', 'breast_glands', 'unknown', 'immune_infiltrate', 'invasive_cancer'}

----------- Region: cancer_in_situ -----------
Sorted by in_out_group_ratio:
          genes  in_group_fraction  out_group_fraction  in_out_group_ratio  in_group_mean_exp  out_group_mean_exp  fold_change     pvals_adj
7349       BNC2           0.215478              0.0005           431.38695           0.012006            0.000023     1.012055  5.472820e-87
7348       CD80           0.215478              0.0005           431.38695           0.012006            0.000023     1.012055  5.472820e-87
7347   KRTAP4-8           0.215478              0.0005           431.38695           0.012006            0.000023     1.012055  5.472820e-87
7350    SLC6A12           0.215478              0.0005           431.38695           0.012006            0.000023     1.012055  5.472820e-87
7346      CCL27           0.215478              0.0005           431.38695           0.012006            0.000023     1.012055  5.472820e-87
...         ...                ...                 ...                 ...                ...                 ...          ...           ...
12668     FRMD3           0.000000              0.0000                 NaN           0.000000            0.000000     1.000000  1.000000e+00
12669   CXORF57           0.000000              0.0000                 NaN           0.000000            0.000000     1.000000  1.000000e+00
12670    CHRNB2           0.000000              0.0000                 NaN           0.000000            0.000000     1.000000  1.000000e+00
12671  PPP1R14D           0.000000              0.0000                 NaN           0.000000            0.000000     1.000000  1.000000e+00
12672     HNF4A           0.000000              0.0000                 NaN           0.000000            0.000000     1.000000  1.000000e+00

[15029 rows x 8 columns]
Sorted by fold_change:
        genes  in_group_fraction  out_group_fraction  in_out_group_ratio  in_group_mean_exp  out_group_mean_exp  fold_change      pvals_adj
1       ERBB2           1.000000            1.000000            1.000000           2.876974            1.549691     3.770783   0.000000e+00
15        MGP           1.000000            1.000000            1.000000           2.723436            1.570333     3.168006   0.000000e+00
35      ACTG1           1.000000            0.984466            1.015780           1.609359            0.581404     2.795345   0.000000e+00
311      ACTB           1.000000            1.000000            1.000000           2.324672            1.442514     2.416107   0.000000e+00
58     TMSB10           1.000000            1.000000            1.000000           3.472427            2.590941     2.414485   0.000000e+00
...       ...                ...                 ...                 ...                ...                 ...          ...            ...
14994    APOD           1.000000            0.996204            1.003811           0.384337            0.503891     0.887316   8.361971e-56
14991   IGHA1           1.000000            1.000000            1.000000           3.432400            3.564171     0.876542   1.420958e-53
15027   IGLC7           0.898027            0.990460            0.906677           0.218499            0.354958     0.872442  1.110523e-241
15022   IGLC2           1.000000            1.000000            1.000000           2.009693            2.253481     0.783654  1.250801e-141
15028     CFD           0.930197            0.990160            0.939442           0.252543            0.497714     0.782570  5.627253e-274

[15029 rows x 8 columns]
Data contains: {'connective_tissue', 'adipose_tissue', 'cancer_in_situ', 'breast_glands', 'unknown', 'immune_infiltrate', 'invasive_cancer'}

----------- Region: invasive_cancer -----------
Sorted by in_out_group_ratio:
         genes  in_group_fraction  out_group_fraction  in_out_group_ratio  in_group_mean_exp  out_group_mean_exp  fold_change     pvals_adj
7822     MFAP2           0.046235                 0.0                 inf           0.004622                 0.0     1.004633  5.808529e-05
7824     ZMAT4           0.046235                 0.0                 inf           0.004622                 0.0     1.004633  5.808529e-05
6174     TRPC5           0.093461                 0.0                 inf           0.004965                 0.0     1.004977  2.012980e-16
6303  KIAA0895           0.089828                 0.0                 inf           0.006357                 0.0     1.006377  2.834103e-15
6176   SLITRK6           0.093461                 0.0                 inf           0.004965                 0.0     1.004977  2.012980e-16
...        ...                ...                 ...                 ...                ...                 ...          ...           ...
9873      ASZ1           0.000000                 0.0                 NaN           0.000000                 0.0     1.000000  1.000000e+00
9874      JPH1           0.000000                 0.0                 NaN           0.000000                 0.0     1.000000  1.000000e+00
9875     PRSS2           0.000000                 0.0                 NaN           0.000000                 0.0     1.000000  1.000000e+00
9876     GCNT4           0.000000                 0.0                 NaN           0.000000                 0.0     1.000000  1.000000e+00
9877      AGRP           0.000000                 0.0                 NaN           0.000000                 0.0     1.000000  1.000000e+00

[15029 rows x 8 columns]
Sorted by fold_change:
        genes  in_group_fraction  out_group_fraction  in_out_group_ratio  in_group_mean_exp  out_group_mean_exp  fold_change      pvals_adj
0       ERBB2           1.000000            1.000000            1.000000           2.604357            1.607850     2.708803   0.000000e+00
2         MGP           1.000000            1.000000            1.000000           2.415746            1.631435     2.190898   0.000000e+00
3       PRDX1           1.000000            0.998866            1.001135           1.408533            0.751635     1.928799   0.000000e+00
1      S100A8           1.000000            0.996155            1.003860           1.281289            0.673306     1.836723   0.000000e+00
11        MDK           1.000000            1.000000            1.000000           1.814833            1.211119     1.828899   0.000000e+00
...       ...                ...                 ...                 ...                ...                 ...          ...            ...
14998   AZGP1           0.948481            0.994282            0.953935           0.259135            0.409456     0.860432  1.139435e-128
14922   IGHA2           1.000000            0.998472            1.001530           0.402629            0.563633     0.851288   2.430003e-75
15001   IGHA1           1.000000            1.000000            1.000000           3.339218            3.576345     0.788892  9.233804e-134
15022    SAA1           0.999670            1.000000            0.999670           0.425401            0.677783     0.776948  2.082341e-287
15027     CFD           0.962021            0.984621            0.977047           0.229864            0.497873     0.764901   0.000000e+00

[15029 rows x 8 columns]
Data contains: {'connective_tissue', 'adipose_tissue', 'cancer_in_situ', 'breast_glands', 'unknown', 'immune_infiltrate', 'invasive_cancer'}

----------- Region: breast_glands -----------
Sorted by in_out_group_ratio:
         genes  in_group_fraction  out_group_fraction  in_out_group_ratio  in_group_mean_exp  out_group_mean_exp  fold_change     pvals_adj
5733   CYP24A1           0.107191            0.000183          585.291384            0.00997            0.000006     1.010015  1.166477e-11
5731  SLC25A41           0.107191            0.000183          585.291384            0.00997            0.000006     1.010015  1.166477e-11
5738      HBE1           0.107191            0.000183          585.291384            0.00997            0.000006     1.010015  1.166477e-11
5737     PRDM6           0.107191            0.000183          585.291384            0.00997            0.000006     1.010015  1.166477e-11
5736  IGKV3-20           0.107191            0.000183          585.291384            0.00997            0.000006     1.010015  1.166477e-11
...        ...                ...                 ...                 ...                ...                 ...          ...           ...
8929     MMP13           0.000000            0.000000                 NaN            0.00000            0.000000     1.000000  1.000000e+00
8930  C1ORF141           0.000000            0.000000                 NaN            0.00000            0.000000     1.000000  1.000000e+00
8931      CCR4           0.000000            0.000000                 NaN            0.00000            0.000000     1.000000  1.000000e+00
8932     NR2E3           0.000000            0.000000                 NaN            0.00000            0.000000     1.000000  1.000000e+00
8933   LDLRAD3           0.000000            0.000000                 NaN            0.00000            0.000000     1.000000  1.000000e+00

[15029 rows x 8 columns]
Sorted by fold_change:
         genes  in_group_fraction  out_group_fraction  in_out_group_ratio  in_group_mean_exp  out_group_mean_exp  fold_change      pvals_adj
0        IGHA1           1.000000            1.000000            1.000000           4.733427            3.465381     3.553902   0.000000e+00
2         APOD           1.000000            0.996520            1.003492           1.545274            0.415574     3.094728   0.000000e+00
4       JCHAIN           0.999322            0.987226            1.012252           1.357902            0.307901     2.857654   0.000000e+00
1        IGHA2           1.000000            0.998581            1.001421           1.525065            0.476427     2.853760   0.000000e+00
3        IGLC2           1.000000            1.000000            1.000000           3.135862            2.157152     2.661022   0.000000e+00
...        ...                ...                 ...                 ...                ...                 ...          ...            ...
14967  NEUROD2           0.945047            0.962960            0.981399           0.229060            0.434323     0.814433   1.086462e-98
14273      MDK           1.000000            1.000000            1.000000           1.095796            1.302599     0.813179   3.191898e-24
14834   IGFBP2           1.000000            1.000000            1.000000           1.023307            1.252301     0.795333   2.080996e-60
15020   COL1A1           1.000000            0.999176            1.000825           0.357157            0.629450     0.761631  1.316545e-181
14612    ERBB2           1.000000            1.000000            1.000000           1.376815            1.761596     0.680600   4.334192e-38

[15029 rows x 8 columns]
Data contains: {'connective_tissue', 'adipose_tissue', 'cancer_in_situ', 'breast_glands', 'unknown', 'immune_infiltrate', 'invasive_cancer'}

----------- Region: immune_infiltrate -----------
Sorted by in_out_group_ratio:
          genes  in_group_fraction  out_group_fraction  in_out_group_ratio  in_group_mean_exp  out_group_mean_exp  fold_change     pvals_adj
5608     MPPED1           0.162362            0.001733           93.678494           0.015496            0.000098     1.015517  1.660758e-14
5607       ERN2           0.162362            0.001733           93.678494           0.015496            0.000098     1.015517  1.660758e-14
5606    NUP210L           0.162362            0.001733           93.678494           0.015496            0.000098     1.015517  1.660758e-14
5605      ZNF17           0.162362            0.001733           93.678494           0.015496            0.000098     1.015517  1.660758e-14
5604      FRMD5           0.162362            0.001733           93.678494           0.015496            0.000098     1.015517  1.660758e-14
...         ...                ...                 ...                 ...                ...                 ...          ...           ...
10058    POU3F3           0.000000            0.000000                 NaN           0.000000            0.000000     1.000000  1.000000e+00
10059       LHB           0.000000            0.000000                 NaN           0.000000            0.000000     1.000000  1.000000e+00
10060  ANKRD36C           0.000000            0.000000                 NaN           0.000000            0.000000     1.000000  1.000000e+00
10061    IL18R1           0.000000            0.000000                 NaN           0.000000            0.000000     1.000000  1.000000e+00
10062     CH25H           0.000000            0.000000                 NaN           0.000000            0.000000     1.000000  1.000000e+00

[15029 rows x 8 columns]
Sorted by fold_change:
        genes  in_group_fraction  out_group_fraction  in_out_group_ratio  in_group_mean_exp  out_group_mean_exp  fold_change      pvals_adj
19      HLA-B             1.0000            1.000000            1.000000           2.037665            1.106791     2.536726  1.197122e-282
7        CD74             1.0000            1.000000            1.000000           2.346496            1.416390     2.534778   0.000000e+00
0        CD52             1.0000            0.999778            1.000222           1.581997            0.697446     2.421898   0.000000e+00
21        B2M             1.0000            0.993912            1.006126           1.491016            0.612825     2.406543  1.044447e-279
1          C3             1.0000            1.000000            1.000000           1.972333            1.153723     2.267347   0.000000e+00
...       ...                ...                 ...                 ...                ...                 ...          ...            ...
14953   CLDN7             0.9631            0.968492            0.994433           0.207161            0.335547     0.879513   9.284232e-35
14580    PTMS             1.0000            1.000000            1.000000           0.774791            0.903269     0.879433   2.580984e-12
14899   KRT18             1.0000            0.999956            1.000044           0.561508            0.699778     0.870863   3.595406e-26
14921  STARD3             1.0000            0.999956            1.000044           0.484161            0.625225     0.868434   2.171381e-28
14860   SPDEF             1.0000            1.000000            1.000000           0.790922            0.933215     0.867367   2.879507e-22

[15029 rows x 8 columns]

-------------------- Image feature selection --------------------
Detected 579 image features using image_feature_key='hipt'.
Included tissue regions: ['connective_tissue', 'adipose_tissue', 'cancer_in_situ', 'invasive_cancer', 'breast_glands', 'immune_infiltrate']
Data contains: {'connective_tissue', 'adipose_tissue', 'cancer_in_situ', 'breast_glands', 'unknown', 'immune_infiltrate', 'invasive_cancer'}

----------- Region: connective_tissue -----------
Sorted by in_out_group_ratio:
        genes  in_group_fraction  out_group_fraction  in_out_group_ratio  in_group_mean_exp  out_group_mean_exp  fold_change      pvals_adj
0      hipt_5           1.000000            0.999941            1.000059           0.325810            0.192361     1.142763   0.000000e+00
279  hipt_255           1.000000            0.999941            1.000059           0.144207            0.142124     1.002085   4.937923e-01
314  hipt_111           1.000000            0.999941            1.000059           0.207921            0.209418     0.998504   4.929712e-09
313  hipt_195           1.000000            0.999941            1.000059           0.032894            0.033387     0.999507   1.086807e-08
312   hipt_55           1.000000            0.999941            1.000059           0.127021            0.129828     0.997197   2.313670e-08
..        ...                ...                 ...                 ...                ...                 ...          ...            ...
436  hipt_347           0.999841            1.000000            0.999841           0.000246            0.000275     0.999971  5.704453e-235
437  hipt_245           0.999841            1.000000            0.999841           0.031575            0.035565     0.996018  3.599200e-238
265  hipt_201           0.999841            1.000000            0.999841           0.002778            0.002761     1.000017   4.377732e-03
171  hipt_433           0.999841            1.000000            0.999841           0.059475            0.055384     1.004100  4.470971e-109
578  hipt_170           0.999841            1.000000            0.999841           0.086648            0.156659     0.932384   0.000000e+00

[579 rows x 8 columns]
Sorted by fold_change:
        genes  in_group_fraction  out_group_fraction  in_out_group_ratio  in_group_mean_exp  out_group_mean_exp  fold_change  pvals_adj
54   hipt_576           1.000000            0.999941            1.000059           1.825151            1.407062     1.519056        0.0
80   hipt_577           1.000000            0.999941            1.000059           1.492910            1.172320     1.377941        0.0
70   hipt_578           1.000000            0.999941            1.000059           1.239414            1.019176     1.246373        0.0
4    hipt_106           1.000000            0.999941            1.000059           0.422280            0.211087     1.235151        0.0
9     hipt_59           1.000000            0.999941            1.000059           0.352600            0.188263     1.178611        0.0
..        ...                ...                 ...                 ...                ...                 ...          ...        ...
554  hipt_157           1.000000            0.999941            1.000059           0.128177            0.218825     0.913340        0.0
533  hipt_171           1.000000            0.999941            1.000059           0.106125            0.198298     0.911947        0.0
528  hipt_133           0.999841            1.000000            0.999841           0.131986            0.226269     0.910025        0.0
568   hipt_13           0.999841            1.000000            0.999841           0.134680            0.292470     0.854029        0.0
576   hipt_73           0.999841            1.000000            0.999841           0.095159            0.283178     0.828599        0.0

[579 rows x 8 columns]
Data contains: {'connective_tissue', 'adipose_tissue', 'cancer_in_situ', 'breast_glands', 'unknown', 'immune_infiltrate', 'invasive_cancer'}

----------- Region: adipose_tissue -----------
Sorted by in_out_group_ratio:
        genes  in_group_fraction  out_group_fraction  in_out_group_ratio  in_group_mean_exp  out_group_mean_exp  fold_change     pvals_adj
0     hipt_14           1.000000            0.999948            1.000052           0.177574            0.094156     1.086995  0.000000e+00
320  hipt_253           1.000000            0.999948            1.000052           0.000252            0.000258     0.999994  1.196565e-26
335  hipt_454           1.000000            0.999948            1.000052           0.000023            0.000025     0.999998  1.863499e-39
334  hipt_358           1.000000            0.999948            1.000052           0.126106            0.131828     0.994295  4.663972e-38
333  hipt_495           1.000000            0.999948            1.000052           0.116723            0.122282     0.994456  7.826549e-38
..        ...                ...                 ...                 ...                ...                 ...          ...           ...
454  hipt_243           0.999751            1.000000            0.999751           0.018574            0.023949     0.994639  0.000000e+00
453  hipt_264           0.999751            1.000000            0.999751           0.000650            0.000788     0.999861  0.000000e+00
452  hipt_188           0.999751            1.000000            0.999751           0.097220            0.128338     0.969361  0.000000e+00
451  hipt_525           0.999751            1.000000            0.999751           0.025864            0.032209     0.993676  0.000000e+00
578  hipt_102           0.999751            1.000000            0.999751           0.089126            0.237437     0.862163  0.000000e+00

[579 rows x 8 columns]
Sorted by fold_change:
        genes  in_group_fraction  out_group_fraction  in_out_group_ratio  in_group_mean_exp  out_group_mean_exp  fold_change  pvals_adj
31   hipt_576           1.000000            0.999948            1.000052           2.068919            1.405653     1.941122        0.0
21   hipt_577           1.000000            0.999948            1.000052           1.756775            1.155257     1.824886        0.0
29   hipt_578           1.000000            0.999948            1.000052           1.399503            1.011853     1.473514        0.0
4    hipt_107           1.000000            0.999948            1.000052           0.315131            0.157367     1.170890        0.0
10   hipt_187           1.000000            0.999948            1.000052           0.333148            0.188500     1.155632        0.0
..        ...                ...                 ...                 ...                ...                 ...          ...        ...
559  hipt_159           0.999751            1.000000            0.999751           0.126076            0.259667     0.874948        0.0
561  hipt_100           1.000000            0.999948            1.000052           0.125746            0.273596     0.862561        0.0
578  hipt_102           0.999751            1.000000            0.999751           0.089126            0.237437     0.862163        0.0
575   hipt_64           0.999751            1.000000            0.999751           0.151645            0.319274     0.845668        0.0
572  hipt_135           0.999751            1.000000            0.999751           0.168584            0.349231     0.834730        0.0

[579 rows x 8 columns]
Data contains: {'connective_tissue', 'adipose_tissue', 'cancer_in_situ', 'breast_glands', 'unknown', 'immune_infiltrate', 'invasive_cancer'}

----------- Region: cancer_in_situ -----------
Sorted by in_out_group_ratio:
        genes  in_group_fraction  out_group_fraction  in_out_group_ratio  in_group_mean_exp  out_group_mean_exp  fold_change      pvals_adj
0    hipt_105           1.000000             0.99995            1.000050           0.285538            0.155608     1.138749   0.000000e+00
350  hipt_511           1.000000             0.99995            1.000050           0.000004            0.000004     1.000000   4.966070e-20
348  hipt_162           1.000000             0.99995            1.000050           0.142270            0.153615     0.988720   1.088496e-16
347  hipt_396           1.000000             0.99995            1.000050           0.000800            0.000821     0.999980   2.004067e-16
346  hipt_182           1.000000             0.99995            1.000050           0.149213            0.152267     0.996951   4.722495e-16
..        ...                ...                 ...                 ...                ...                 ...          ...            ...
403  hipt_390           0.999697             1.00000            0.999697           0.083911            0.096929     0.987067  2.843196e-127
401  hipt_129           0.999697             1.00000            0.999697           0.156133            0.178957     0.977434  1.370702e-119
399  hipt_138           0.999697             1.00000            0.999697           0.108009            0.113632     0.994393  6.303318e-114
390  hipt_277           0.999697             1.00000            0.999697           0.107580            0.119141     0.988506   1.726902e-91
578   hipt_23           0.999697             1.00000            0.999697           0.097564            0.208399     0.895086   0.000000e+00

[579 rows x 8 columns]
Sorted by fold_change:
        genes  in_group_fraction  out_group_fraction  in_out_group_ratio  in_group_mean_exp  out_group_mean_exp  fold_change  pvals_adj
3     hipt_73           1.000000             0.99995            1.000050           0.469796            0.193456     1.318295        0.0
10   hipt_157           1.000000             0.99995            1.000050           0.351208            0.168588     1.200358        0.0
34    hipt_13           1.000000             0.99995            1.000050           0.405647            0.224322     1.198804        0.0
4     hipt_67           1.000000             0.99995            1.000050           0.329508            0.168834     1.174302        0.0
26   hipt_171           1.000000             0.99995            1.000050           0.291893            0.153967     1.147892        0.0
..        ...                ...                 ...                 ...                ...                 ...          ...        ...
573  hipt_137           0.999697             1.00000            0.999697           0.107458            0.280175     0.841375        0.0
572  hipt_106           0.999697             1.00000            0.999697           0.088884            0.297480     0.811723        0.0
565  hipt_578           0.999697             1.00000            0.999697           0.707472            1.139596     0.649129        0.0
569  hipt_577           0.999697             1.00000            0.999697           0.692056            1.351977     0.516892        0.0
567  hipt_576           0.999697             1.00000            0.999697           0.846385            1.630553     0.456499        0.0

[579 rows x 8 columns]
Data contains: {'connective_tissue', 'adipose_tissue', 'cancer_in_situ', 'breast_glands', 'unknown', 'immune_infiltrate', 'invasive_cancer'}

----------- Region: invasive_cancer -----------
Sorted by in_out_group_ratio:
        genes  in_group_fraction  out_group_fraction  in_out_group_ratio  in_group_mean_exp  out_group_mean_exp  fold_change      pvals_adj
0    hipt_166            1.00000            0.999951            1.000049           0.148653            0.090705     1.059660   0.000000e+00
350  hipt_344            1.00000            0.999951            1.000049           0.367731            0.376675     0.991096   3.808822e-06
367  hipt_540            1.00000            0.999951            1.000049           0.000037            0.000038     0.999999   2.044336e-11
366  hipt_341            1.00000            0.999951            1.000049           0.001662            0.001702     0.999959   2.920278e-11
365  hipt_450            1.00000            0.999951            1.000049           0.001575            0.001626     0.999949   5.633742e-10
..        ...                ...                 ...                 ...                ...                 ...          ...            ...
380  hipt_505            0.99967            1.000000            0.999670           0.062363            0.065744     0.996625   4.132990e-16
180  hipt_420            0.99967            1.000000            0.999670           0.135473            0.129448     1.006043   7.192482e-37
489  hipt_234            0.99967            1.000000            0.999670           0.064266            0.076511     0.987829  2.826319e-178
384  hipt_203            0.99967            1.000000            0.999670           0.117044            0.122193     0.994865   7.394667e-17
578  hipt_112            0.99967            1.000000            0.999670           0.107857            0.161584     0.947691   0.000000e+00

[579 rows x 8 columns]
Sorted by fold_change:
        genes  in_group_fraction  out_group_fraction  in_out_group_ratio  in_group_mean_exp  out_group_mean_exp  fold_change  pvals_adj
4    hipt_159                1.0            0.999951            1.000049           0.351020            0.219626     1.140417        0.0
19   hipt_100                1.0            0.999951            1.000049           0.346866            0.233436     1.120114        0.0
7    hipt_135                1.0            0.999951            1.000049           0.415233            0.303672     1.118023        0.0
13   hipt_133                1.0            0.999951            1.000049           0.293758            0.186996     1.112670        0.0
5     hipt_67                1.0            0.999951            1.000049           0.277295            0.178742     1.103573        0.0
..        ...                ...                 ...                 ...                ...                 ...          ...        ...
549   hipt_59                1.0            0.999951            1.000049           0.141173            0.246188     0.900311        0.0
536  hipt_106                1.0            0.999951            1.000049           0.166319            0.283177     0.889712        0.0
532  hipt_578                1.0            0.999951            1.000049           0.893126            1.106198     0.808098        0.0
534  hipt_577                1.0            0.999951            1.000049           0.965141            1.302531     0.713630        0.0
540  hipt_576                1.0            0.999951            1.000049           1.189672            1.568994     0.684326        0.0

[579 rows x 8 columns]
Data contains: {'connective_tissue', 'adipose_tissue', 'cancer_in_situ', 'breast_glands', 'unknown', 'immune_infiltrate', 'invasive_cancer'}

----------- Region: breast_glands -----------
Sorted by in_out_group_ratio:
        genes  in_group_fraction  out_group_fraction  in_out_group_ratio  in_group_mean_exp  out_group_mean_exp  fold_change      pvals_adj
0    hipt_118           1.000000            0.999954            1.000046           0.263007            0.180060     1.086484   0.000000e+00
372  hipt_493           1.000000            0.999954            1.000046           0.000011            0.000012     0.999999   1.328060e-11
366   hipt_64           1.000000            0.999954            1.000046           0.295949            0.290071     1.005895   6.892387e-10
367  hipt_380           1.000000            0.999954            1.000046           0.074473            0.076430     0.998045   2.586124e-10
368   hipt_77           1.000000            0.999954            1.000046           0.233002            0.244443     0.988625   2.104520e-10
..        ...                ...                 ...                 ...                ...                 ...          ...            ...
515  hipt_395           0.999322            1.000000            0.999322           0.097299            0.111565     0.985835  4.495771e-109
466  hipt_240           0.999322            1.000000            0.999322           0.115730            0.131955     0.983906   8.925729e-54
509  hipt_411           0.999322            1.000000            0.999322           0.005121            0.006018     0.999104  1.410637e-102
539  hipt_553           0.999322            1.000000            0.999322           0.000348            0.000399     0.999949  4.661340e-149
498  hipt_332           0.999322            1.000000            0.999322           0.097821            0.111872     0.986048   5.089591e-88

[579 rows x 8 columns]
Sorted by fold_change:
        genes  in_group_fraction  out_group_fraction  in_out_group_ratio  in_group_mean_exp  out_group_mean_exp  fold_change      pvals_adj
16    hipt_13           1.000000            0.999954            1.000046           0.357421            0.242695     1.121566  2.226233e-223
23   hipt_157           1.000000            0.999954            1.000046           0.276339            0.188867     1.091412  1.297563e-195
0    hipt_118           1.000000            0.999954            1.000046           0.263007            0.180060     1.086484   0.000000e+00
2     hipt_53           1.000000            0.999954            1.000046           0.286544            0.206394     1.083449   0.000000e+00
4     hipt_42           1.000000            0.999954            1.000046           0.232457            0.153503     1.082154  3.060863e-295
..        ...                ...                 ...                 ...                ...                 ...          ...            ...
577  hipt_177           0.999322            1.000000            0.999322           0.094072            0.176820     0.920583  2.147981e-292
575  hipt_187           0.999322            1.000000            0.999322           0.118253            0.219798     0.903440  1.285441e-290
483  hipt_578           1.000000            0.999954            1.000046           0.924215            1.088940     0.848127   3.319579e-71
475  hipt_577           1.000000            0.999954            1.000046           1.052431            1.272635     0.802356   1.371427e-60
520  hipt_576           1.000000            0.999954            1.000046           1.203288            1.541086     0.713339  9.416605e-113

[579 rows x 8 columns]
Data contains: {'connective_tissue', 'adipose_tissue', 'cancer_in_situ', 'breast_glands', 'unknown', 'immune_infiltrate', 'invasive_cancer'}

----------- Region: immune_infiltrate -----------
Sorted by in_out_group_ratio:
        genes  in_group_fraction  out_group_fraction  in_out_group_ratio  in_group_mean_exp  out_group_mean_exp  fold_change      pvals_adj
0     hipt_53            1.00000            0.999956            1.000044           0.321176            0.207497     1.120392   0.000000e+00
355   hipt_46            1.00000            0.999956            1.000044           0.198164            0.215863     0.982457   7.671697e-14
370  hipt_515            1.00000            0.999956            1.000044           0.108635            0.117773     0.990904   2.415985e-18
369   hipt_27            1.00000            0.999956            1.000044           0.171586            0.187556     0.984156   3.723240e-18
368  hipt_153            1.00000            0.999956            1.000044           0.174776            0.199730     0.975355   7.728052e-18
..        ...                ...                 ...                 ...                ...                 ...          ...            ...
430  hipt_506            0.99877            1.000000            0.998770           0.000036            0.000041     0.999995   2.042664e-54
428  hipt_482            0.99877            1.000000            0.998770           0.135853            0.156196     0.979863   3.717191e-53
387    hipt_8            0.99877            1.000000            0.998770           0.076058            0.089248     0.986897   1.993594e-26
543  hipt_415            0.99877            1.000000            0.998770           0.000133            0.000213     0.999920  9.157904e-184
578    hipt_5            0.99877            1.000000            0.998770           0.096389            0.233090     0.872230   0.000000e+00

[579 rows x 8 columns]
Sorted by fold_change:
        genes  in_group_fraction  out_group_fraction  in_out_group_ratio  in_group_mean_exp  out_group_mean_exp  fold_change      pvals_adj
19    hipt_13            1.00000            0.999956            1.000044           0.412759            0.244066     1.183757  1.997171e-244
11   hipt_171            1.00000            0.999956            1.000044           0.316742            0.168282     1.160046  1.392274e-302
80   hipt_157            1.00000            0.999956            1.000044           0.328532            0.189551     1.149103  2.189099e-135
64    hipt_73            1.00000            0.999956            1.000044           0.365901            0.227691     1.148217  1.735381e-160
12    hipt_87            1.00000            0.999956            1.000044           0.366323            0.229521     1.146602  1.155830e-297
..        ...                ...                 ...                 ...                ...                 ...          ...            ...
578    hipt_5            0.99877            1.000000            0.998770           0.096389            0.233090     0.872230   0.000000e+00
554   hipt_59            1.00000            0.999956            1.000044           0.097104            0.237443     0.869064  8.237829e-227
531  hipt_578            1.00000            0.999956            1.000044           0.749103            1.090428     0.710828  1.250913e-162
526  hipt_577            1.00000            0.999956            1.000044           0.813229            1.274809     0.630287  2.893448e-151
536  hipt_576            1.00000            0.999956            1.000044           0.938847            1.540717     0.547786  8.103693e-169

[579 rows x 8 columns]

==================== Sample: E1 ====================

-------------------- Gene feature selection --------------------
Detected 15701 gene features.
Included tissue regions: ['invasive_cancer', 'immune_infiltrate', 'connective_tissue']
Data contains: {'immune_infiltrate', 'connective_tissue', 'invasive_cancer', 'unknown'}

----------- Region: invasive_cancer -----------
Sorted by in_out_group_ratio:
         genes  in_group_fraction  out_group_fraction  in_out_group_ratio  in_group_mean_exp  out_group_mean_exp  fold_change  pvals_adj
10544    MYO3B           0.022243                 0.0                 inf           0.001203                 0.0     1.001203   0.009035
11819    CLDN9           0.000543                 0.0                 inf           0.000007                 0.0     1.000007   1.000000
11695     WNK4           0.002441                 0.0                 inf           0.000074                 0.0     1.000074   0.829859
11816   LRP2BP           0.000543                 0.0                 inf           0.000007                 0.0     1.000007   1.000000
11696   ZNF534           0.002441                 0.0                 inf           0.000074                 0.0     1.000074   0.829859
...        ...                ...                 ...                 ...                ...                 ...          ...        ...
12676   HIGD2B           0.000000                 0.0                 NaN           0.000000                 0.0     1.000000   1.000000
12677  ONECUT1           0.000000                 0.0                 NaN           0.000000                 0.0     1.000000   1.000000
12678     LHFP           0.000000                 0.0                 NaN           0.000000                 0.0     1.000000   1.000000
12679     FLT3           0.000000                 0.0                 NaN           0.000000                 0.0     1.000000   1.000000
12680    NPAP1           0.000000                 0.0                 NaN           0.000000                 0.0     1.000000   1.000000

[15701 rows x 8 columns]
Sorted by fold_change:
         genes  in_group_fraction  out_group_fraction  in_out_group_ratio  in_group_mean_exp  out_group_mean_exp  fold_change      pvals_adj
0        ERBB2                1.0                 1.0                 1.0           3.386523            2.498568     2.430155   0.000000e+00
1         GRB7                1.0                 1.0                 1.0           1.627364            0.884892     2.101123   0.000000e+00
2         FASN                1.0                 1.0                 1.0           1.662164            0.954718     2.028803   0.000000e+00
3        PSMD3                1.0                 1.0                 1.0           1.653266            0.959876     2.000485   0.000000e+00
10       HLA-A                1.0                 1.0                 1.0           2.181330            1.542292     1.894658   0.000000e+00
...        ...                ...                 ...                 ...                ...                 ...          ...            ...
15668    JSRP1                1.0                 1.0                 1.0           0.876575            0.950331     0.928899   8.079244e-64
15497    IGLC7                1.0                 1.0                 1.0           0.763548            0.837521     0.928697   5.559334e-23
15479    IGHG4                1.0                 1.0                 1.0           1.200568            1.275784     0.927543   4.308157e-22
15676     MZB1                1.0                 1.0                 1.0           1.580559            1.685313     0.900546   3.737602e-69
15693  RARRES2                1.0                 1.0                 1.0           0.744231            0.855377     0.894809  8.332905e-102

[15701 rows x 8 columns]
Data contains: {'immune_infiltrate', 'connective_tissue', 'invasive_cancer', 'unknown'}

----------- Region: immune_infiltrate -----------
Sorted by in_out_group_ratio:
         genes  in_group_fraction  out_group_fraction  in_out_group_ratio  in_group_mean_exp  out_group_mean_exp  fold_change     pvals_adj
1691   PCDHB11           0.066420                 0.0                 inf           0.003614                 0.0     1.003620  8.528757e-15
2408   FAM170B           0.042751                 0.0                 inf           0.003331                 0.0     1.003337  7.419089e-07
1695     MYO1A           0.066420                 0.0                 inf           0.003614                 0.0     1.003620  8.528757e-15
1694    NOS1AP           0.066420                 0.0                 inf           0.003614                 0.0     1.003620  8.528757e-15
1693    ZNF572           0.066420                 0.0                 inf           0.003614                 0.0     1.003620  8.528757e-15
...        ...                ...                 ...                 ...                ...                 ...          ...           ...
5799  ARHGAP24           0.000000                 0.0                 NaN           0.000000                 0.0     1.000000  1.000000e+00
5800      GJB5           0.000000                 0.0                 NaN           0.000000                 0.0     1.000000  1.000000e+00
5801  IGHV1-18           0.000000                 0.0                 NaN           0.000000                 0.0     1.000000  1.000000e+00
5802     THAP9           0.000000                 0.0                 NaN           0.000000                 0.0     1.000000  1.000000e+00
5803     TEX22           0.000000                 0.0                 NaN           0.000000                 0.0     1.000000  1.000000e+00

[15701 rows x 8 columns]
Sorted by fold_change:
        genes  in_group_fraction  out_group_fraction  in_out_group_ratio  in_group_mean_exp  out_group_mean_exp  fold_change  pvals_adj
0       IGHA1                1.0                 1.0                 1.0           3.947207            3.435885     1.667495        0.0
1       IGLC2                1.0                 1.0                 1.0           3.699447            3.293685     1.500445        0.0
4       IGHG3                1.0                 1.0                 1.0           4.646345            4.259965     1.471644        0.0
8       IGLC3                1.0                 1.0                 1.0           3.550564            3.167654     1.466546        0.0
3        MZB1                1.0                 1.0                 1.0           1.896086            1.541009     1.426292        0.0
...       ...                ...                 ...                 ...                ...                 ...          ...        ...
15685    FASN                1.0                 1.0                 1.0           0.935940            1.305628     0.690950        0.0
15697    GRB7                1.0                 1.0                 1.0           0.833888            1.267070     0.648443        0.0
15699   PSMD3                1.0                 1.0                 1.0           0.891604            1.325953     0.647686        0.0
15691  DHCR24                1.0                 1.0                 1.0           1.303740            1.749169     0.640550        0.0
15696   ERBB2                1.0                 1.0                 1.0           2.438183            2.955359     0.596202        0.0

[15701 rows x 8 columns]
Data contains: {'immune_infiltrate', 'connective_tissue', 'invasive_cancer', 'unknown'}

----------- Region: connective_tissue -----------
Sorted by in_out_group_ratio:
        genes  in_group_fraction  out_group_fraction  in_out_group_ratio  in_group_mean_exp  out_group_mean_exp  fold_change     pvals_adj
2775   LMNTD1           0.341463            0.004988           68.461819           0.015789            0.000260     1.015651  1.522433e-39
2773   EFCAB9           0.341463            0.004988           68.461819           0.015789            0.000260     1.015651  1.522433e-39
2772   TRIM67           0.341463            0.004988           68.461819           0.015789            0.000260     1.015651  1.522433e-39
2774    ABHD5           0.341463            0.004988           68.461819           0.015789            0.000260     1.015651  1.522433e-39
1247    SOX10           0.489681            0.007318           66.911641           0.035806            0.000312     1.036132  3.133573e-80
...       ...                ...                 ...                 ...                ...                 ...          ...           ...
8179     SYN2           0.000000            0.000000                 NaN           0.000000            0.000000     1.000000  1.000000e+00
8180    FOXQ1           0.000000            0.000000                 NaN           0.000000            0.000000     1.000000  1.000000e+00
8181    STON1           0.000000            0.000000                 NaN           0.000000            0.000000     1.000000  1.000000e+00
8182    IRAK2           0.000000            0.000000                 NaN           0.000000            0.000000     1.000000  1.000000e+00
8183  IFITM10           0.000000            0.000000                 NaN           0.000000            0.000000     1.000000  1.000000e+00

[15701 rows x 8 columns]
Sorted by fold_change:
         genes  in_group_fraction  out_group_fraction  in_out_group_ratio  in_group_mean_exp  out_group_mean_exp  fold_change      pvals_adj
4           C3           1.000000            1.000000            1.000000           1.719559            0.816926     2.466087  4.344091e-254
13        ENO1           1.000000            1.000000            1.000000           2.004910            1.159712     2.328439  9.853040e-239
9       RNASE1           1.000000            1.000000            1.000000           1.913948            1.105196     2.245105  9.296154e-246
5        AEBP1           1.000000            1.000000            1.000000           2.433831            1.643236     2.204709  9.852800e-254
14        IGKC           1.000000            1.000000            1.000000           5.229651            4.442390     2.197369  1.254623e-238
...        ...                ...                 ...                 ...                ...                 ...          ...            ...
15617  RARRES1           0.949343            0.969608            0.979100           0.173772            0.358004     0.831743   5.241645e-56
15697     GRK2           0.917448            0.968116            0.947663           0.116004            0.314773     0.819739  3.057858e-107
15375    IFI27           1.000000            1.000000            1.000000           1.724590            1.932546     0.812242   1.001829e-29
15410    MLLT6           1.000000            0.999907            1.000093           0.390572            0.622722     0.792827   2.940344e-31
15373    PSMD3           1.000000            1.000000            1.000000           0.923674            1.199081     0.759263   1.042612e-29

[15701 rows x 8 columns]

-------------------- Image feature selection --------------------
Detected 579 image features using image_feature_key='hipt'.
Included tissue regions: ['invasive_cancer', 'immune_infiltrate', 'connective_tissue']
Data contains: {'immune_infiltrate', 'connective_tissue', 'invasive_cancer', 'unknown'}

----------- Region: invasive_cancer -----------
Sorted by in_out_group_ratio:
        genes  in_group_fraction  out_group_fraction  in_out_group_ratio  in_group_mean_exp  out_group_mean_exp  fold_change     pvals_adj
0     hipt_80           1.000000            0.999932            1.000068           0.145879            0.110601     1.035907  0.000000e+00
278  hipt_272           1.000000            0.999932            1.000068           0.000553            0.000553     0.999999  5.698163e-01
276  hipt_309           1.000000            0.999932            1.000068           0.351526            0.350196     1.001331  5.094809e-01
275  hipt_461           1.000000            0.999932            1.000068           0.139324            0.138644     1.000681  4.786648e-01
274   hipt_16           1.000000            0.999932            1.000068           0.315076            0.308719     1.006377  3.884539e-01
..        ...                ...                 ...                 ...                ...                 ...          ...           ...
367  hipt_413           0.999864            1.000000            0.999864           0.001139            0.001169     0.999970  1.970807e-20
368  hipt_371           0.999864            1.000000            0.999864           0.021146            0.021768     0.999378  1.393899e-20
369  hipt_454           0.999864            1.000000            0.999864           0.000023            0.000023     0.999999  8.286077e-21
374  hipt_119           0.999864            1.000000            0.999864           0.111580            0.116982     0.994613  4.465642e-25
578    hipt_7           0.999864            1.000000            0.999864           0.129299            0.197054     0.934490  0.000000e+00

[579 rows x 8 columns]
Sorted by fold_change:
        genes  in_group_fraction  out_group_fraction  in_out_group_ratio  in_group_mean_exp  out_group_mean_exp  fold_change  pvals_adj
10   hipt_176           1.000000            0.999932            1.000068           0.349808            0.242292     1.113508        0.0
21    hipt_22           1.000000            0.999932            1.000068           0.432052            0.331930     1.105306        0.0
18   hipt_178           1.000000            0.999932            1.000068           0.347232            0.254161     1.097540        0.0
22   hipt_123           1.000000            0.999932            1.000068           0.387368            0.314617     1.075463        0.0
8     hipt_59           0.999864            1.000000            0.999864           0.235719            0.166716     1.071439        0.0
..        ...                ...                 ...                 ...                ...                 ...          ...        ...
560   hipt_13           0.999864            1.000000            0.999864           0.279445            0.356236     0.926084        0.0
575   hipt_69           0.999864            1.000000            0.999864           0.200963            0.279671     0.924310        0.0
565  hipt_135           0.999864            1.000000            0.999864           0.306372            0.390782     0.919054        0.0
572   hipt_46           0.999864            1.000000            0.999864           0.244916            0.329719     0.918693        0.0
573  hipt_146           0.999864            1.000000            0.999864           0.153055            0.249517     0.908045        0.0

[579 rows x 8 columns]
Data contains: {'immune_infiltrate', 'connective_tissue', 'invasive_cancer', 'unknown'}

----------- Region: immune_infiltrate -----------
Sorted by in_out_group_ratio:
        genes  in_group_fraction  out_group_fraction  in_out_group_ratio  in_group_mean_exp  out_group_mean_exp  fold_change      pvals_adj
0     hipt_76           1.000000            0.999934            1.000066           0.346531            0.255565     1.095232   0.000000e+00
330  hipt_458           1.000000            0.999934            1.000066           0.000070            0.000071     0.999999   5.689016e-09
326  hipt_189           1.000000            0.999934            1.000066           0.177336            0.181770     0.995576   1.672026e-07
325  hipt_484           1.000000            0.999934            1.000066           0.064802            0.066236     0.998567   1.515319e-06
324  hipt_277           1.000000            0.999934            1.000066           0.108723            0.109453     0.999270   2.684275e-06
..        ...                ...                 ...                 ...                ...                 ...          ...            ...
275  hipt_568           0.999852            1.000000            0.999852           0.010580            0.010570     1.000011   9.529144e-04
443  hipt_313           0.999852            1.000000            0.999852           0.000676            0.000740     0.999936  5.298514e-113
174  hipt_417           0.999852            1.000000            0.999852           0.053343            0.049941     1.003408   2.822824e-65
445   hipt_41           0.999852            1.000000            0.999852           0.337092            0.380520     0.957502  6.976968e-114
179  hipt_195           0.999852            1.000000            0.999852           0.033543            0.032058     1.001486   1.284203e-58

[579 rows x 8 columns]
Sorted by fold_change:
        genes  in_group_fraction  out_group_fraction  in_out_group_ratio  in_group_mean_exp  out_group_mean_exp  fold_change  pvals_adj
7    hipt_146           1.000000            0.999934            1.000066           0.310202            0.175864     1.143780        0.0
6     hipt_13           1.000000            0.999934            1.000066           0.410023            0.295171     1.121708        0.0
9     hipt_67           1.000000            0.999934            1.000066           0.387909            0.292863     1.099709        0.0
0     hipt_76           1.000000            0.999934            1.000066           0.346531            0.255565     1.095232        0.0
13   hipt_135           1.000000            0.999934            1.000066           0.425244            0.334607     1.094871        0.0
..        ...                ...                 ...                 ...                ...                 ...          ...        ...
577   hipt_59           1.000000            0.999934            1.000066           0.136068            0.213736     0.925271        0.0
544  hipt_178           0.999852            1.000000            0.999852           0.222399            0.313331     0.913080        0.0
569  hipt_123           1.000000            0.999934            1.000066           0.269820            0.369735     0.904914        0.0
562   hipt_22           0.999852            1.000000            0.999852           0.279976            0.403479     0.883819        0.0
575  hipt_176           0.999852            1.000000            0.999852           0.191691            0.316821     0.882383        0.0

[579 rows x 8 columns]
Data contains: {'immune_infiltrate', 'connective_tissue', 'invasive_cancer', 'unknown'}

----------- Region: connective_tissue -----------
Sorted by in_out_group_ratio:
        genes  in_group_fraction  out_group_fraction  in_out_group_ratio  in_group_mean_exp  out_group_mean_exp  fold_change      pvals_adj
0    hipt_100           1.000000            0.999953            1.000047           0.339756            0.149561     1.209485  1.799338e-207
358  hipt_205           1.000000            0.999953            1.000047           0.034453            0.036273     0.998181   1.066204e-08
373  hipt_199           1.000000            0.999953            1.000047           0.000027            0.000030     0.999998   4.311811e-15
372  hipt_429           1.000000            0.999953            1.000047           0.090899            0.096679     0.994236   5.507528e-15
371  hipt_452           1.000000            0.999953            1.000047           0.052074            0.055443     0.996636   1.947476e-14
..        ...                ...                 ...                 ...                ...                 ...          ...            ...
495  hipt_537           0.998124            1.000000            0.998124           0.351661            0.431461     0.923301   8.505538e-82
410  hipt_306           0.998124            1.000000            0.998124           0.058980            0.068898     0.990131   1.287505e-30
551  hipt_233           0.998124            1.000000            0.998124           0.000492            0.000722     0.999770  2.751548e-148
255  hipt_421           0.998124            1.000000            0.998124           0.164450            0.153918     1.010587   6.554607e-05
578  hipt_181           0.998124            1.000000            0.998124           0.146729            0.297291     0.860224  5.351376e-184

[579 rows x 8 columns]
Sorted by fold_change:
        genes  in_group_fraction  out_group_fraction  in_out_group_ratio  in_group_mean_exp  out_group_mean_exp  fold_change      pvals_adj
48   hipt_576           1.000000            0.999953            1.000047           1.653092            1.178637     1.607137  3.115900e-119
71   hipt_577           1.000000            0.999953            1.000047           1.371224            1.047006     1.382948  1.551424e-100
77   hipt_578           1.000000            0.999953            1.000047           1.193457            0.955605     1.268521   6.702892e-95
6     hipt_70           1.000000            0.999953            1.000047           0.437026            0.231585     1.228067  4.135414e-190
0    hipt_100           1.000000            0.999953            1.000047           0.339756            0.149561     1.209485  1.799338e-207
..        ...                ...                 ...                 ...                ...                 ...          ...            ...
578  hipt_181           0.998124            1.000000            0.998124           0.146729            0.297291     0.860224  5.351376e-184
568   hipt_48           0.998124            1.000000            0.998124           0.126436            0.277205     0.860047  4.328183e-173
559   hipt_22           1.000000            0.999953            1.000047           0.178887            0.370143     0.825921  1.459656e-161
567  hipt_157           0.998124            1.000000            0.998124           0.167061            0.410577     0.783867  4.180234e-172
577   hipt_73           0.998124            1.000000            0.998124           0.357632            0.639322     0.754507  6.181486e-180

[579 rows x 8 columns]

Sample: H1
  Selected gene features: 40
  Selected image features: 20

Sample: E1
  Selected gene features: 29
  Selected image features: 15

============================================================
Step 2. Computing multi-modal and multi-sample distances
============================================================

==================== Sample: H1 ====================
---------------------------------------------------------------------------------
================================ Gene Expression ================================
---------------------------------------------------------------------------------
========== Features Mean within each Tissue Region ==========
                   ACTB  ACTG1  ADH1B  ADIRF  APOD  ATP6V0B  AZGP1   B2M    C3  CD24  CD52  CD74  ...   MGP  PFN1  PLIN4  PPP1R1A  PRDX1  RNASE1  S100A8  SAA1  SCGB2A2  SDC1  TMSB10  TPT1
connective_tissue  1.05   0.36   0.01   0.17  0.37     0.91   0.29  0.34  0.93  0.16  0.55  1.16  ...  1.27  1.39   0.02     0.04   0.51    0.56    0.48  0.64     0.05  0.85    2.31  0.25
adipose_tissue     1.38   0.36   0.31   0.49  0.48     0.84   0.46  0.46  1.08  0.11  0.66  1.19  ...  1.30  1.56   0.22     0.26   0.49    0.83    0.47  0.54     0.06  0.59    2.36  0.64
cancer_in_situ     2.32   1.61   0.03   0.32  0.38     1.79   0.29  1.14  1.34  1.13  0.91  1.86  ...  2.72  2.41   0.03     0.02   1.53    0.62    1.29  0.65     0.05  1.73    3.47  1.14
invasive_cancer    2.04   1.08   0.01   0.29  0.39     1.64   0.26  0.64  1.38  0.65  0.85  1.59  ...  2.42  2.28   0.01     0.03   1.41    0.60    1.28  0.43     0.02  1.54    3.21  0.74
breast_glands      1.56   0.79   0.03   0.31  1.55     1.03   1.23  0.98  1.41  0.28  0.58  1.59  ...  1.62  1.70   0.02     0.07   0.78    0.98    0.62  1.47     0.84  1.07    2.62  1.07
immune_infiltrate  2.26   0.98   0.06   0.21  0.50     1.31   0.38  1.49  1.97  0.33  1.58  2.35  ...  1.66  2.51   0.03     0.03   0.94    1.05    0.80  0.62     0.02  0.94    3.18  1.37

[6 rows x 40 columns]
========== Pairwise Distances between Tissue Regions ==========
                   connective_tissue  adipose_tissue  cancer_in_situ  invasive_cancer  breast_glands  immune_infiltrate
connective_tissue               0.00            1.23            4.54             3.42           3.62               3.92
adipose_tissue                  1.23            0.00            4.45             3.39           3.50               3.57
cancer_in_situ                  4.54            4.45            0.00             1.40           4.60               2.93
invasive_cancer                 3.42            3.39            1.40             0.00           4.13               2.68
breast_glands                   3.62            3.50            4.60             4.13           0.00               3.57
immune_infiltrate               3.92            3.57            2.93             2.68           3.57               0.00
========== Scaled Pairwise Distances between Tissue Regions ==========
                   connective_tissue  adipose_tissue  cancer_in_situ  invasive_cancer  breast_glands  immune_infiltrate
connective_tissue               0.00            0.00            0.98             0.65           0.71               0.80
adipose_tissue                  0.00            0.00            0.96             0.64           0.67               0.69
cancer_in_situ                  0.98            0.96            0.00             0.05           1.00               0.50
invasive_cancer                 0.65            0.64            0.05             0.00           0.86               0.43
breast_glands                   0.71            0.67            1.00             0.86           0.00               0.69
immune_infiltrate               0.80            0.69            0.50             0.43           0.69               0.00
---------------------------------------------------------------------------------
================================ Image Features =================================
---------------------------------------------------------------------------------
========== Features Mean within each Tissue Region ==========
                   hipt_100  hipt_106  hipt_107  hipt_118  hipt_13  hipt_133  hipt_135  hipt_157  ...  hipt_53  hipt_576  hipt_577  hipt_578  hipt_59  hipt_67  hipt_73  hipt_87
connective_tissue      0.25      0.42      0.19      0.20     0.13      0.13      0.29      0.13  ...     0.19      1.83      1.49      1.24     0.35     0.15     0.10     0.19
adipose_tissue         0.13      0.30      0.32      0.13     0.16      0.10      0.17      0.18  ...     0.17      2.07      1.76      1.40     0.29     0.10     0.17     0.28
cancer_in_situ         0.23      0.09      0.11      0.19     0.41      0.26      0.37      0.35  ...     0.23      0.85      0.69      0.71     0.11     0.33     0.47     0.27
invasive_cancer        0.35      0.17      0.14      0.17     0.33      0.29      0.42      0.14  ...     0.20      1.19      0.97      0.89     0.14     0.28     0.31     0.16
breast_glands          0.31      0.23      0.13      0.26     0.36      0.27      0.39      0.28  ...     0.29      1.20      1.05      0.92     0.16     0.16     0.29     0.25
immune_infiltrate      0.26      0.14      0.10      0.26     0.41      0.33      0.42      0.33  ...     0.32      0.94      0.81      0.75     0.10     0.18     0.37     0.37

[6 rows x 20 columns]
========== Pairwise Distances between Tissue Regions ==========
                   connective_tissue  adipose_tissue  cancer_in_situ  invasive_cancer  breast_glands  immune_infiltrate
connective_tissue               0.00            0.51            1.58             1.07           0.99               1.43
adipose_tissue                  0.51            0.00            1.92             1.45           1.35               1.78
cancer_in_situ                  1.58            1.92            0.00             0.59           0.65               0.31
invasive_cancer                 1.07            1.45            0.59             0.00           0.29               0.51
breast_glands                   0.99            1.35            0.65             0.29           0.00               0.47
immune_infiltrate               1.43            1.78            0.31             0.51           0.47               0.00
========== Scaled Pairwise Distances between Tissue Regions ==========
                   connective_tissue  adipose_tissue  cancer_in_situ  invasive_cancer  breast_glands  immune_infiltrate
connective_tissue               0.00            0.13            0.79             0.47           0.42               0.70
adipose_tissue                  0.13            0.00            1.00             0.71           0.65               0.91
cancer_in_situ                  0.79            1.00            0.00             0.18           0.22               0.01
invasive_cancer                 0.47            0.71            0.18             0.00           0.00               0.13
breast_glands                   0.42            0.65            0.22             0.00           0.00               0.11
immune_infiltrate               0.70            0.91            0.01             0.13           0.11               0.00
---------------------------------------------------------------------------------------
================================ Spatial Neighborhoods ================================
---------------------------------------------------------------------------------------
The average number of neighboring spots: 8.9.
========== connective_tissue ==========
label
connective_tissue    6283
unknown               690
breast_glands         155
adipose_tissue         70
cancer_in_situ         30
immune_infiltrate      15
Name: count, dtype: int64
========== adipose_tissue ==========
label
adipose_tissue       4010
unknown               303
connective_tissue      78
immune_infiltrate       7
Name: count, dtype: int64
========== cancer_in_situ ==========
label
cancer_in_situ       3295
unknown               413
invasive_cancer        46
connective_tissue      30
immune_infiltrate       3
Name: count, dtype: int64
========== invasive_cancer ==========
label
invasive_cancer    3028
unknown             334
cancer_in_situ       46
Name: count, dtype: int64
========== breast_glands ==========
label
breast_glands        1474
unknown               298
connective_tissue     180
Name: count, dtype: int64
========== immune_infiltrate ==========
label
immune_infiltrate    813
unknown              214
connective_tissue     15
adipose_tissue         7
cancer_in_situ         3
Name: count, dtype: int64
========== Spatial Neighborhood Components ==========
                   connective_tissue  adipose_tissue  cancer_in_situ  invasive_cancer  breast_glands  immune_infiltrate
connective_tissue               6283              70              30                0            155                 15
adipose_tissue                    78            4010               0                0              0                  7
cancer_in_situ                    30               0            3295               46              0                  3
invasive_cancer                    0               0              46             3028              0                  0
breast_glands                    180               0               0                0           1474                  0
immune_infiltrate                 15               7               3                0              0                813
========== The percentage of Neighborhood Components ==========
                   connective_tissue  adipose_tissue  cancer_in_situ  invasive_cancer  breast_glands  immune_infiltrate
connective_tissue               1.00            0.26            0.11             0.00           0.57               0.06
adipose_tissue                  0.88            1.00            0.01             0.01           0.01               0.09
cancer_in_situ                  0.37            0.01            1.00             0.56           0.01               0.05
invasive_cancer                 0.02            0.02            0.92             1.00           0.02               0.02
breast_glands                   0.98            0.01            0.01             0.01           1.00               0.01
immune_infiltrate               0.53            0.27            0.13             0.03           0.03               1.00
========== Transformed Pairwise Spatial Distances ==========
                   connective_tissue  adipose_tissue  cancer_in_situ  invasive_cancer  breast_glands  immune_infiltrate
connective_tissue               0.00            1.48            3.18             9.55           0.59               3.47
adipose_tissue                  1.48            0.00            8.93             8.43           9.72               3.74
cancer_in_situ                  3.18            8.93            0.00             0.66           9.65               5.06
invasive_cancer                 9.55            8.43            0.66             0.00           9.15               7.33
breast_glands                   0.59            9.72            9.65             9.15           0.00               8.62
immune_infiltrate               3.47            3.74            5.06             7.33           8.62               0.00
========== Scaled Pairwise Spatial Distances ==========
                   connective_tissue  adipose_tissue  cancer_in_situ  invasive_cancer  breast_glands  immune_infiltrate
connective_tissue               0.00            0.10            0.28             0.98           0.00               0.32
adipose_tissue                  0.10            0.00            0.91             0.86           1.00               0.35
cancer_in_situ                  0.28            0.91            0.00             0.01           0.99               0.49
invasive_cancer                 0.98            0.86            0.01             0.00           0.94               0.74
breast_glands                   0.00            1.00            0.99             0.94           0.00               0.88
immune_infiltrate               0.32            0.35            0.49             0.74           0.88               0.00
================================ Rank based on overall distance ================================
========== The Ranking of Pairwise Distances ==========
                   connective_tissue  adipose_tissue  cancer_in_situ  invasive_cancer  breast_glands  immune_infiltrate
connective_tissue                0.0             1.0            10.0             11.0            4.0                8.0
adipose_tissue                   1.0             0.0            15.0             12.0           14.0                9.0
cancer_in_situ                  10.0            15.0             0.0              2.0           13.0                3.0
invasive_cancer                 11.0            12.0             2.0              0.0            7.0                5.0
breast_glands                    4.0            14.0            13.0              7.0            0.0                6.0
immune_infiltrate                8.0             9.0             3.0              5.0            6.0                0.0

==================== Sample: E1 ====================
---------------------------------------------------------------------------------
================================ Gene Expression ================================
---------------------------------------------------------------------------------
========== Features Mean within each Tissue Region ==========
                   AEBP1  APOE  C1QA    C3  CYBA  DHCR24  ENO1  ERBB2  FASN  GRB7   GRN  HLA-A  ...  IGHG4  IGKC  IGLC2  IGLC3  MLLT6  MUCL1  MZB1  PSMB3  PSMD3  RNASE1  S100A9  SSR4
invasive_cancer     1.70  2.76  2.21  0.84  1.74    2.01  1.41   3.39  1.66  1.63  1.41   2.18  ...   1.20  4.52   3.40   3.27   0.98   1.26  1.58   2.11   1.65    1.26    3.36  3.01
immune_infiltrate   1.67  2.92  2.45  0.92  1.97    1.30  1.00   2.44  0.94  0.83  1.19   1.64  ...   1.44  4.62   3.70   3.55   0.43   0.67  1.90   1.54   0.89    0.94    3.39  3.16
connective_tissue   2.43  2.88  2.69  1.72  2.33    2.02  2.00   2.84  1.10  1.07  1.93   1.90  ...   1.93  5.23   3.84   3.86   0.39   1.29  2.30   1.99   0.92    1.91    4.00  3.57

[3 rows x 29 columns]
========== Pairwise Distances between Tissue Regions ==========
                   invasive_cancer  immune_infiltrate  connective_tissue
invasive_cancer               0.00               2.40               3.07
immune_infiltrate             2.40               0.00               2.79
connective_tissue             3.07               2.79               0.00
========== Scaled Pairwise Distances between Tissue Regions ==========
                   invasive_cancer  immune_infiltrate  connective_tissue
invasive_cancer                0.0               0.00               1.00
immune_infiltrate              0.0               0.00               0.58
connective_tissue              1.0               0.58               0.00
---------------------------------------------------------------------------------
================================ Image Features =================================
---------------------------------------------------------------------------------
========== Features Mean within each Tissue Region ==========
                   hipt_100  hipt_123  hipt_13  hipt_135  hipt_146  hipt_165  hipt_176  hipt_178  hipt_22  hipt_576  hipt_577  hipt_578  hipt_67  hipt_70  hipt_76
invasive_cancer        0.12      0.39     0.28      0.31      0.15      0.29      0.35      0.35     0.43      1.15      1.02      0.94     0.27     0.19     0.24
immune_infiltrate      0.19      0.27     0.41      0.43      0.31      0.20      0.19      0.22     0.28      1.19      1.06      0.96     0.39     0.29     0.35
connective_tissue      0.34      0.20     0.31      0.44      0.30      0.18      0.15      0.21     0.18      1.65      1.37      1.19     0.33     0.44     0.29
========== Pairwise Distances between Tissue Regions ==========
                   invasive_cancer  immune_infiltrate  connective_tissue
invasive_cancer               0.00               0.43               0.87
immune_infiltrate             0.43               0.00               0.66
connective_tissue             0.87               0.66               0.00
========== Scaled Pairwise Distances between Tissue Regions ==========
                   invasive_cancer  immune_infiltrate  connective_tissue
invasive_cancer                0.0               0.00               1.00
immune_infiltrate              0.0               0.00               0.53
connective_tissue              1.0               0.53               0.00
---------------------------------------------------------------------------------------
================================ Spatial Neighborhoods ================================
---------------------------------------------------------------------------------------
The average number of neighboring spots: 8.9.
========== invasive_cancer ==========
label
invasive_cancer      7373
unknown              1436
immune_infiltrate     433
connective_tissue       3
Name: count, dtype: int64
========== immune_infiltrate ==========
label
immune_infiltrate    6760
unknown               980
invasive_cancer       400
connective_tissue      11
Name: count, dtype: int64
========== connective_tissue ==========
label
connective_tissue    533
unknown              140
immune_infiltrate      9
invasive_cancer        3
Name: count, dtype: int64
========== Spatial Neighborhood Components ==========
                   invasive_cancer  immune_infiltrate  connective_tissue
invasive_cancer               7373                433                  3
immune_infiltrate              400               6760                 11
connective_tissue                3                  9                533
========== The percentage of Neighborhood Components ==========
                   invasive_cancer  immune_infiltrate  connective_tissue
invasive_cancer               1.00               0.99               0.01
immune_infiltrate             0.97               1.00               0.03
connective_tissue             0.25               0.75               1.00
========== Transformed Pairwise Spatial Distances ==========
                   invasive_cancer  immune_infiltrate  connective_tissue
invasive_cancer               0.00               0.03               6.37
immune_infiltrate             0.03               0.00               3.91
connective_tissue             6.37               3.91               0.00
========== Scaled Pairwise Spatial Distances ==========
                   invasive_cancer  immune_infiltrate  connective_tissue
invasive_cancer                0.0               0.00               1.00
immune_infiltrate              0.0               0.00               0.61
connective_tissue              1.0               0.61               0.00
================================ Rank based on overall distance ================================
========== The Ranking of Pairwise Distances ==========
                   invasive_cancer  immune_infiltrate  connective_tissue
invasive_cancer                0.0                1.0                3.0
immune_infiltrate              1.0                0.0                2.0
connective_tissue              3.0                2.0                0.0

==================== Integrating distances across samples ====================
========== The Ranking of Pairwise Distances ==========
                   adipose_tissue  breast_glands  cancer_in_situ  connective_tissue  immune_infiltrate  invasive_cancer
adipose_tissue                0.0           13.0            15.0                1.0                9.0             11.0
breast_glands                13.0            0.0            12.0                5.0                6.0              8.0
cancer_in_situ               15.0           12.0             0.0               10.0                4.0              2.0
connective_tissue             1.0            5.0            10.0                0.0                7.0             14.0
immune_infiltrate             9.0            6.0             4.0                7.0                0.0              3.0
invasive_cancer              11.0            8.0             2.0               14.0                3.0              0.0

============================================================
Step 3. Inferring hierarchical tree
============================================================
[tree_inference] completed at 2026-07-13T00:02:02.236564+00:00 (elapsed 319.018 seconds)
