[reference_selection] started at 2026-07-13T00:02:29.844816+00:00
=============== H1 ===============
=============== G2 ===============
=============== E1 ===============
=============== H2 ===============
------------------- H1 -------------------
Filtered tissue regions:
['connective_tissue', 'adipose_tissue', 'cancer_in_situ', 'invasive_cancer', 'breast_glands']
Number of regions: 5
------------------- G2 -------------------
Filtered tissue regions:
['invasive_cancer', 'connective_tissue', 'adipose_tissue']
Number of regions: 3
------------------- E1 -------------------
Filtered tissue regions:
['invasive_cancer', 'immune_infiltrate']
Number of regions: 2
======================= Reference weights =======================
      weight
H1  1.000000
G2  0.774597
E1  0.632456

================== Sample: H1 ==================
Included valid tissue regions: ['adipose_tissue', 'breast_glands', 'cancer_in_situ', 'connective_tissue', 'immune_infiltrate', 'invasive_cancer']
Data contains: {'connective_tissue', 'adipose_tissue', 'cancer_in_situ', 'breast_glands', 'unknown', 'immune_infiltrate', 'invasive_cancer'}

----------- Region: adipose_tissue -----------
Sorted by in_out_group_ratio:
        genes  in_group_fraction  out_group_fraction  in_out_group_ratio  in_group_mean_exp  out_group_mean_exp  fold_change      pvals_adj
90    SLC19A3           0.275561            0.011448           24.071072           0.028230            0.001006     1.027598  2.099341e-152
54     COL8A1           0.323691            0.015903           20.354561           0.035372            0.001657     1.034290  9.798699e-206
53    PCOLCE2           0.327182            0.016731           19.554952           0.038600            0.001910     1.037372  6.894000e-210
135     FOXN2           0.243392            0.013002           18.719814           0.029372            0.001530     1.028234  2.634196e-116
102       MMD           0.269576            0.015644           17.232337           0.033982            0.001582     1.032930  1.023543e-141
...       ...                ...                 ...                 ...                ...                 ...          ...            ...
3595  PRIMPOL           0.000000            0.063196            0.000000           0.000000            0.007291     0.992735   3.621004e-10
3593      GAN           0.000000            0.063144            0.000000           0.000000            0.008612     0.991425   3.742706e-10
6804    XRCC4           0.000000            0.146335            0.000000           0.000000            0.016725     0.983414   5.687713e-48
6802     GMNN           0.000000            0.146283            0.000000           0.000000            0.016120     0.984009   6.133632e-48
4503    KCTD9           0.000000            0.083916            0.000000           0.000000            0.009671     0.990375   8.013349e-17

[12001 rows x 8 columns]
Sorted by fold_change:
       genes  in_group_fraction  out_group_fraction  in_out_group_ratio  in_group_mean_exp  out_group_mean_exp  fold_change  pvals_adj
1       GPX3           1.000000            0.980938            1.019433           0.332954            0.149984     1.200779        0.0
2       CDR1           0.743392            0.106708            6.966589           0.187631            0.014291     1.189271        0.0
9      FABP4           0.765835            0.279461            2.740399           0.191700            0.026174     1.180014        0.0
5      ADH1B           0.780050            0.240870            3.238465           0.169510            0.016581     1.165243        0.0
14      G0S2           0.660349            0.271639            2.430976           0.165783            0.021825     1.154836        0.0
...      ...                ...                 ...                 ...                ...                 ...          ...        ...
11767  MMP14           0.998753            0.985548            1.013399           0.140616            0.298934     0.853578        0.0
11863   XBP1           0.866833            0.930692            0.931386           0.065535            0.230407     0.848003        0.0
11967  PRSS8           0.999252            0.999948            0.999304           0.176547            0.342304     0.847252        0.0
11994   SDC1           1.000000            0.999948            1.000052           0.191311            0.371912     0.834768        0.0
11977   MCM7           0.885536            0.949961            0.932181           0.082508            0.267454     0.831149        0.0

[12001 rows x 8 columns]
Data contains: {'connective_tissue', 'adipose_tissue', 'cancer_in_situ', 'breast_glands', 'unknown', 'immune_infiltrate', 'invasive_cancer'}

----------- Region: breast_glands -----------
Sorted by in_out_group_ratio:
         genes  in_group_fraction  out_group_fraction  in_out_group_ratio  in_group_mean_exp  out_group_mean_exp  fold_change      pvals_adj
146    C2ORF40           0.524423            0.022160           23.665145           0.069992            0.001618     1.070765  6.545818e-230
325       RAI2           0.470149            0.022435           20.956183           0.061945            0.002007     1.061771  1.761299e-180
174    CYP4F11           0.514925            0.025777           19.975995           0.110726            0.002994     1.113749  1.019923e-218
298     GAREM1           0.480326            0.026418           18.181616           0.059839            0.002217     1.059315  2.343816e-186
132      NPAS2           0.543419            0.030768           17.661935           0.068188            0.003210     1.067135  4.067527e-236
...        ...                ...                 ...                 ...                ...                 ...          ...            ...
9352      HPDL           0.000000            0.066023            0.000000           0.000000            0.007253     0.992774   2.899819e-05
9350   SLC36A1           0.000000            0.065839            0.000000           0.000000            0.006239     0.993780   3.054209e-05
9342     NRXN1           0.000000            0.065611            0.000000           0.000000            0.007047     0.992978   3.256551e-05
10929     CCZ1           0.000000            0.134930            0.000000           0.000000            0.013175     0.986911   7.990723e-18
9992       RET           0.000000            0.088229            0.000000           0.000000            0.007574     0.992455   2.107525e-08

[12001 rows x 8 columns]
Sorted by fold_change:
         genes  in_group_fraction  out_group_fraction  in_out_group_ratio  in_group_mean_exp  out_group_mean_exp  fold_change      pvals_adj
4       JCHAIN           0.999322            0.987226            1.012252           0.423081            0.095932     1.387007   0.000000e+00
16       NDRG2           0.985075            0.986631            0.998423           0.455656            0.129077     1.386218   0.000000e+00
5        KRT15           0.964722            0.876929            1.100114           0.380669            0.055986     1.383591   0.000000e+00
2         APOD           1.000000            0.996520            1.003492           0.431697            0.116097     1.371081   0.000000e+00
1        IGHA2           1.000000            0.998581            1.001421           0.436948            0.136502     1.350462   0.000000e+00
...        ...                ...                 ...                 ...                ...                 ...          ...            ...
11584    ERBB2           1.000000            0.999954            1.000046           0.318393            0.409398     0.913013   3.605353e-38
11988      CD6           0.842605            0.897807            0.938515           0.055119            0.147729     0.911549  7.505370e-166
11980  TSPAN17           0.970149            0.983243            0.986684           0.127596            0.224731     0.907433  9.560664e-143
11939  NEUROD2           0.945047            0.962960            0.981399           0.112045            0.212450     0.904472   8.857701e-99
11992   COL1A1           1.000000            0.999176            1.000825           0.138080            0.243350     0.900081  1.067124e-181

[12001 rows x 8 columns]
Data contains: {'connective_tissue', 'adipose_tissue', 'cancer_in_situ', 'breast_glands', 'unknown', 'immune_infiltrate', 'invasive_cancer'}

----------- Region: cancer_in_situ -----------
Sorted by in_out_group_ratio:
         genes  in_group_fraction  out_group_fraction  in_out_group_ratio  in_group_mean_exp  out_group_mean_exp  fold_change      pvals_adj
5141      SGO2           0.325645            0.008492           38.349478           0.030781            0.000790     1.030444  7.265376e-187
4667    COL4A5           0.353566            0.015285           23.131998           0.053355            0.001669     1.053045  3.043225e-214
5465   ABHD17B           0.316540            0.015435           20.508528           0.037475            0.001938     1.036176  7.599581e-170
5278     NXPH1           0.325948            0.016384           19.894778           0.042486            0.001281     1.042066  1.883165e-179
4629    ZNF660           0.357208            0.017982           19.864728           0.035586            0.001124     1.035063  2.332265e-216
...        ...                ...                 ...                 ...                ...                 ...          ...            ...
11662     PEG3           0.000000            0.072577            0.000000           0.000000            0.006625     0.993396   2.640963e-11
11877  TCP11L2           0.000000            0.116084            0.000000           0.000000            0.010949     0.989111   1.367156e-26
11667     RHOJ           0.000000            0.072927            0.000000           0.000000            0.009440     0.990604   2.119953e-11
11676    RGS17           0.000000            0.074226            0.000000           0.000000            0.008773     0.991265   9.292253e-12
11637    KLK11           0.000000            0.069281            0.000000           0.000000            0.007973     0.992059   1.997152e-10

[12001 rows x 8 columns]
Sorted by fold_change:
       genes  in_group_fraction  out_group_fraction  in_out_group_ratio  in_group_mean_exp  out_group_mean_exp  fold_change      pvals_adj
13      XBP1           1.000000            0.906494            1.103152           0.480884            0.156158     1.383651   0.000000e+00
35     ACTG1           1.000000            0.984466            1.015780           0.500171            0.180694     1.376408   0.000000e+00
0       CD24           1.000000            0.867882            1.152230           0.407115            0.092644     1.369534   0.000000e+00
1      ERBB2           1.000000            0.999950            1.000050           0.673198            0.359280     1.368778   0.000000e+00
24      ILF3           0.999090            0.889560            1.123127           0.449321            0.148470     1.351008   0.000000e+00
...      ...                ...                 ...                 ...                ...                 ...          ...            ...
11980   CDR1           0.044006            0.244555            0.179943           0.001106            0.051181     0.951158   1.331483e-82
11992  FABP4           0.169044            0.395055            0.427900           0.006388            0.062585     0.945353  2.466882e-128
11994  IGLC2           0.999697            1.000000            0.999697           0.384271            0.440920     0.944926  9.994181e-142
11999  IGLC7           0.898027            0.990460            0.906677           0.093817            0.152409     0.943092  8.867781e-242
12000    CFD           0.930197            0.990160            0.939442           0.090444            0.178248     0.915940  4.493491e-274

[12001 rows x 8 columns]
Data contains: {'connective_tissue', 'adipose_tissue', 'cancer_in_situ', 'breast_glands', 'unknown', 'immune_infiltrate', 'invasive_cancer'}

----------- Region: connective_tissue -----------
Sorted by in_out_group_ratio:
         genes  in_group_fraction  out_group_fraction  in_out_group_ratio  in_group_mean_exp  out_group_mean_exp  fold_change      pvals_adj
52    KIAA1211           0.156136            0.016968            9.201736           0.018346            0.001869     1.016613   1.371808e-59
11       KCNF1           0.241923            0.033877            7.141121           0.030739            0.003528     1.027585  2.217483e-132
16      SGK494           0.234283            0.039573            5.920338           0.025149            0.002595     1.022810  5.861956e-118
72    C11ORF80           0.148018            0.026832            5.516522           0.012887            0.002514     1.010427   6.983922e-46
34       PTPRS           0.189241            0.034582            5.472240           0.020495            0.002401     1.018258   8.433563e-75
...        ...                ...                 ...                 ...                ...                 ...          ...            ...
3295  TRAPPC10           0.000000            0.075975            0.000000           0.000000            0.008909     0.991131   6.589356e-19
3288      SMC3           0.000000            0.075857            0.000000           0.000000            0.008889     0.991151   7.454435e-19
5428      FHL1           0.000000            0.125705            0.000000           0.000000            0.026114     0.974225   5.535661e-49
5384    TSGA10           0.000000            0.124530            0.000000           0.000000            0.008851     0.991188   4.196526e-48
3441    GEMIN5           0.000000            0.079263            0.000000           0.000000            0.005307     0.994707   1.917293e-20

[12001 rows x 8 columns]
Sorted by fold_change:
         genes  in_group_fraction  out_group_fraction  in_out_group_ratio  in_group_mean_exp  out_group_mean_exp  fold_change      pvals_adj
0       ADAM17           0.916282            0.719822            1.272929           0.156238            0.094615     1.063561   0.000000e+00
1      DENND4C           0.531116            0.258161            2.057303           0.060170            0.018546     1.042503  3.002852e-274
2       B3GNT8           0.523794            0.245949            2.129689           0.063552            0.024966     1.039339  1.395001e-264
12      TRIM29           0.918033            0.853863            1.075152           0.152567            0.115624     1.037633  5.961075e-130
4       RNF145           0.673564            0.451620            1.491437           0.071016            0.039024     1.032510  4.369381e-214
...        ...                ...                 ...                 ...                ...                 ...          ...            ...
11994    BEST1           0.922330            0.988610            0.932957           0.107491            0.272105     0.848221   0.000000e+00
11981  S100A11           0.990610            0.999119            0.991483           0.208493            0.373395     0.847977   0.000000e+00
11962     FTH1           0.999841            1.000000            0.999841           0.332396            0.500287     0.845445   0.000000e+00
12000     TPT1           0.897820            0.994246            0.903015           0.082929            0.262975     0.835231   0.000000e+00
11998     ACTB           0.999841            1.000000            0.999841           0.281953            0.474242     0.825069   0.000000e+00

[12001 rows x 8 columns]
Data contains: {'connective_tissue', 'adipose_tissue', 'cancer_in_situ', 'breast_glands', 'unknown', 'immune_infiltrate', 'invasive_cancer'}

----------- Region: immune_infiltrate -----------
Sorted by in_out_group_ratio:
          genes  in_group_fraction  out_group_fraction  in_out_group_ratio  in_group_mean_exp  out_group_mean_exp  fold_change      pvals_adj
1042        KDR           0.476015            0.035552           13.389105           0.074446            0.003330     1.073706  4.175126e-102
1327     UBXN2B           0.448954            0.038219           11.746946           0.075506            0.003880     1.074254   8.909978e-90
952      PACRGL           0.504305            0.048707           10.353898           0.063461            0.005408     1.059772  3.337078e-107
1938   SLC4A1AP           0.400984            0.039019           10.276700           0.055562            0.005654     1.051175   2.654953e-69
1642       MTAP           0.421894            0.042085           10.024777           0.100580            0.004929     1.100375   4.424941e-78
...         ...                ...                 ...                 ...                ...                 ...          ...            ...
10384    PRSS27           0.000000            0.067683            0.000000           0.000000            0.006845     0.993178   1.381806e-03
11575     CNTFR           0.000000            0.148787            0.000000           0.000000            0.014284     0.985818   1.031078e-12
10789  C17ORF51           0.000000            0.085104            0.000000           0.000000            0.009075     0.990966   5.395221e-05
11572      RSF1           0.000000            0.148653            0.000000           0.000000            0.016276     0.983855   1.080215e-12
10306      ASPN           0.000000            0.064928            0.000000           0.000000            0.006842     0.993181   2.166339e-03

[12001 rows x 8 columns]
Sorted by fold_change:
         genes  in_group_fraction  out_group_fraction  in_out_group_ratio  in_group_mean_exp  out_group_mean_exp  fold_change      pvals_adj
0         CD52           1.000000            0.999778            1.000222           0.583133            0.257082     1.385486   0.000000e+00
2          LTB           0.998770            0.936183            1.066853           0.437994            0.135302     1.353498   0.000000e+00
5        TRBC1           0.998770            0.895432            1.115406           0.431386            0.129686     1.352154   0.000000e+00
18     ZFP36L2           0.997540            0.913163            1.092400           0.422186            0.138865     1.327532  9.138468e-284
21         B2M           1.000000            0.993912            1.006126           0.472134            0.194052     1.320594  8.340144e-280
...        ...                ...                 ...                 ...                ...                 ...          ...            ...
11998    LIMK1           0.539975            0.841792            0.641460           0.051476            0.123911     0.930126   3.763607e-83
11960      CAD           0.836408            0.859924            0.972654           0.070692            0.144790     0.928581   9.630239e-45
11997     NT5C           0.630996            0.819083            0.770369           0.045719            0.120149     0.928272   1.350207e-80
11925    CLDN7           0.963100            0.968492            0.994433           0.122325            0.198135     0.926992   7.539094e-35
11985     PIGQ           0.825338            0.861523            0.957999           0.078038            0.163196     0.918367   1.989897e-60

[12001 rows x 8 columns]
Data contains: {'connective_tissue', 'adipose_tissue', 'cancer_in_situ', 'breast_glands', 'unknown', 'immune_infiltrate', 'invasive_cancer'}

----------- Region: invasive_cancer -----------
Sorted by in_out_group_ratio:
          genes  in_group_fraction  out_group_fraction  in_out_group_ratio  in_group_mean_exp  out_group_mean_exp  fold_change      pvals_adj
1762     ZNF484           0.312748            0.017154           18.231932           0.040178            0.001324     1.039618  1.287148e-153
2416    SLC45A1           0.275429            0.018337           15.020524           0.028410            0.002118     1.026641  1.410236e-114
2349   TRAPPC10           0.281044            0.021837           12.870274           0.035903            0.002121     1.034359  3.856015e-118
1462      EIF3C           0.348415            0.030266           11.511875           0.039959            0.002616     1.038049  5.138565e-178
2946      STK35           0.247688            0.021689           11.420117           0.028813            0.002100     1.027073   1.205885e-89
...         ...                ...                 ...                 ...                ...                 ...          ...            ...
10632   GRAMD1C           0.000000            0.077192            0.000000           0.000000            0.009750     0.990297   1.041851e-11
10621       GHR           0.000000            0.076798            0.000000           0.000000            0.006379     0.993642   1.326872e-11
10620     AKAP7           0.000000            0.076798            0.000000           0.000000            0.006447     0.993574   1.326872e-11
10303    TRMT1L           0.000000            0.065756            0.000000           0.000000            0.007980     0.992052   7.149043e-09
10310     SMAD1           0.000000            0.066052            0.000000           0.000000            0.006598     0.993424   6.112397e-09

[12001 rows x 8 columns]
Sorted by fold_change:
         genes  in_group_fraction  out_group_fraction  in_out_group_ratio  in_group_mean_exp  out_group_mean_exp  fold_change      pvals_adj
1       S100A8           1.000000            0.996155            1.003860           0.529760            0.278384     1.285794   0.000000e+00
3        PRDX1           1.000000            0.998866            1.001135           0.517883            0.276358     1.273189   0.000000e+00
0        ERBB2           1.000000            0.999951            1.000049           0.608721            0.373036     1.265776   0.000000e+00
7      NEUROD2           1.000000            0.956130            1.045883           0.371929            0.181351     1.209949   0.000000e+00
6        PTPRF           1.000000            0.998275            1.001728           0.437716            0.248316     1.208525   0.000000e+00
...        ...                ...                 ...                 ...                ...                 ...          ...            ...
11986    WASF2           0.888375            0.947700            0.937401           0.109755            0.169770     0.941750  7.159135e-162
11994     SAA1           0.999670            1.000000            0.999670           0.103979            0.165667     0.940176  1.662797e-287
11996     MGLL           0.698811            0.878543            0.795421           0.049192            0.115020     0.936291  1.231991e-289
11999      CFD           0.962021            0.984621            0.977047           0.082322            0.178305     0.908479   0.000000e+00
12000   ADAM17           0.245376            0.851481            0.288176           0.022077            0.124527     0.902623   0.000000e+00

[12001 rows x 8 columns]

Selected marker genes for H1:
{'adipose_tissue': ['GPX3', 'CDR1', 'FABP4', 'ADH1B', 'G0S2', 'HSPB6', 'PLIN4', 'ADIRF', 'PPP1R1A', 'SORBS1'], 'breast_glands': ['JCHAIN', 'KRT15', 'APOD', 'IGHA2', 'IGHA1', 'CFD', 'SCGB2A2', 'AZGP1', 'SLPI', 'GSN'], 'cancer_in_situ': ['XBP1', 'ACTG1', 'CD24', 'ERBB2', 'ILF3', 'SURF4', 'MCM7', 'PRDX1', 'MIEN1', 'HSP90AB1'], 'connective_tissue': [], 'immune_infiltrate': ['CD52', 'LTB', 'TRBC1', 'ZFP36L2', 'B2M', 'JAK3', 'HLA-DRB1', 'HLA-B', 'CD79B', 'C3'], 'invasive_cancer': ['S100A8', 'PRDX1', 'ERBB2', 'NEUROD2', 'PTPRF', 'SDC1', 'ATP6V0B', 'MDK', 'TIMP1', 'PTBP1']}
Number of unique selected genes: 48

================== Sample: G2 ==================
Included valid tissue regions: ['adipose_tissue', 'breast_glands', 'cancer_in_situ', 'connective_tissue', 'immune_infiltrate', 'invasive_cancer']
Data contains: {'connective_tissue', 'adipose_tissue', 'cancer_in_situ', 'breast_glands', 'unknown', 'immune_infiltrate', 'invasive_cancer'}

----------- Region: adipose_tissue -----------
Sorted by in_out_group_ratio:
        genes  in_group_fraction  out_group_fraction  in_out_group_ratio  in_group_mean_exp  out_group_mean_exp  fold_change      pvals_adj
13      PDE3B           0.359167            0.055175            6.509617           0.035549            0.003945     1.032109  8.103957e-172
30       SDPR           0.261134            0.048817            5.349271           0.026684            0.006522     1.020367   6.328010e-81
59    SLC12A5           0.196935            0.037019            5.319866           0.020643            0.002940     1.017861   4.272329e-49
126    ANGPT1           0.159919            0.032639            4.899684           0.016290            0.002985     1.013394   7.663285e-31
143    SEMA6D           0.148062            0.030519            4.851445           0.019016            0.002937     1.016209   3.862809e-27
...       ...                ...                 ...                 ...                ...                 ...          ...            ...
2817   CYSRT1           0.000000            0.066125            0.000000           0.000000            0.007649     0.992380   1.927308e-09
3319     TLR7           0.000000            0.079336            0.000000           0.000000            0.009841     0.990208   5.682036e-13
3295    H3F3C           0.000000            0.078771            0.000000           0.000000            0.008203     0.991830   8.282782e-13
3276   SORCS3           0.000000            0.077994            0.000000           0.000000            0.010649     0.989407   1.386333e-12
4021     GPS2           0.000000            0.099965            0.000000           0.000000            0.010821     0.989237   9.943355e-20

[12986 rows x 8 columns]
Sorted by fold_change:
          genes  in_group_fraction  out_group_fraction  in_out_group_ratio  in_group_mean_exp  out_group_mean_exp  fold_change      pvals_adj
1          GPX3           1.000000            0.990675            1.009413           0.307453            0.189976     1.124656   0.000000e+00
5           CFD           0.996819            0.986436            1.010526           0.303788            0.192233     1.118014  6.882257e-295
2          LIPE           0.858300            0.615260            1.395020           0.164037            0.058384     1.111436   0.000000e+00
0        ADIPOQ           0.787449            0.407277            1.933451           0.122717            0.036369     1.090186   0.000000e+00
3          CDR1           0.660208            0.259414            2.545002           0.106764            0.026231     1.083864   0.000000e+00
...         ...                ...                 ...                 ...                ...                 ...          ...            ...
12956      CHPF           1.000000            0.999929            1.000071           0.264992            0.441702     0.838023   0.000000e+00
12930    TAGLN2           1.000000            0.999929            1.000071           0.299246            0.477348     0.836857   0.000000e+00
12976     ERBB2           1.000000            0.999929            1.000071           0.271816            0.450195     0.836626   0.000000e+00
12940  SERPINH1           0.999711            1.000000            0.999711           0.189304            0.370268     0.834465   0.000000e+00
12928     LMAN2           1.000000            0.999929            1.000071           0.231264            0.414608     0.832482   0.000000e+00

[12986 rows x 8 columns]
Data contains: {'connective_tissue', 'adipose_tissue', 'cancer_in_situ', 'breast_glands', 'unknown', 'immune_infiltrate', 'invasive_cancer'}

----------- Region: breast_glands -----------
Sorted by in_out_group_ratio:
        genes  in_group_fraction  out_group_fraction  in_out_group_ratio  in_group_mean_exp  out_group_mean_exp  fold_change     pvals_adj
109    ZNF169           0.358674            0.058830            6.096753           0.027342            0.005775     1.021802  2.817096e-29
257     NRXN3           0.288499            0.051871            5.561819           0.024623            0.005643     1.019161  5.175688e-19
125   SLC23A1           0.345029            0.063099            5.468026           0.054538            0.007324     1.048347  1.436487e-27
362    CCDC36           0.257310            0.047602            5.405405           0.035577            0.005362     1.030676  1.422287e-15
72     NEURL2           0.399610            0.074971            5.330213           0.036614            0.005936     1.031153  6.334114e-36
...       ...                ...                 ...                 ...                ...                 ...          ...           ...
9699     COIL           0.000000            0.152456            0.000000           0.000000            0.018686     0.981488  1.202972e-08
7458    HGFAC           0.000000            0.085965            0.000000           0.000000            0.009932     0.990117  1.585755e-03
7459  FAM171B           0.000000            0.085965            0.000000           0.000000            0.010511     0.989545  1.585755e-03
7473   TSPAN2           0.000000            0.086316            0.000000           0.000000            0.009736     0.990311  1.514316e-03
7414     DRD1           0.000000            0.084971            0.000000           0.000000            0.009105     0.990937  1.803126e-03

[12986 rows x 8 columns]
Sorted by fold_change:
          genes  in_group_fraction  out_group_fraction  in_out_group_ratio  in_group_mean_exp  out_group_mean_exp  fold_change      pvals_adj
1         KRT17           0.986355            0.702047            1.404970           0.216558            0.078626     1.147898  2.526736e-122
10         QARS           0.984405            0.940117            1.047110           0.320850            0.200625     1.127750   2.235398e-59
7          APOD           0.964912            0.871462            1.107234           0.217318            0.117249     1.105247   5.870049e-66
15         CDYL           0.810916            0.662573            1.223889           0.172206            0.073059     1.104228   6.971843e-54
92     C11ORF96           0.998051            0.972398            1.026381           0.290413            0.195463     1.099603   2.747635e-31
...         ...                ...                 ...                 ...                ...                 ...          ...            ...
12966      PTK7           0.871345            0.926316            0.940657           0.068045            0.204555     0.872397   7.301917e-68
12924       FN1           1.000000            0.999298            1.000702           0.176917            0.314414     0.871537   1.187923e-54
12965    PIEZO1           0.986355            0.991579            0.994731           0.121963            0.267959     0.864161   6.308930e-67
12964     BEST1           1.000000            0.999942            1.000058           0.213514            0.375176     0.850729   1.265564e-66
12985    COL1A2           1.000000            0.999942            1.000058           0.200271            0.362876     0.849927  7.454519e-110

[12986 rows x 8 columns]
Data contains: {'connective_tissue', 'adipose_tissue', 'cancer_in_situ', 'breast_glands', 'unknown', 'immune_infiltrate', 'invasive_cancer'}

----------- Region: cancer_in_situ -----------
Sorted by in_out_group_ratio:
        genes  in_group_fraction  out_group_fraction  in_out_group_ratio  in_group_mean_exp  out_group_mean_exp  fold_change      pvals_adj
682      COQ3           0.717949            0.025191           28.500542           0.108346            0.002203     1.111981  1.327008e-215
683     IFNL1           0.717949            0.025191           28.500542           0.108346            0.002203     1.111981  1.327008e-215
1605    STK31           0.643875            0.025664           25.088857           0.087856            0.001960     1.089692  9.716703e-173
2093    BRCA2           0.621083            0.028502           21.790722           0.095692            0.003271     1.096827  1.643984e-156
1874     DRC3           0.632479            0.030158           20.972247           0.090786            0.003023     1.091729  1.636613e-163
...       ...                ...                 ...                 ...                ...                 ...          ...            ...
11318  FGFBP3           0.000000            0.080894            0.000000           0.000000            0.007582     0.992447   3.184437e-04
12032   CSDC2           0.000000            0.140855            0.000000           0.000000            0.022163     0.978081   3.087270e-10
11322    CD33           0.000000            0.081131            0.000000           0.000000            0.009793     0.990255   3.056855e-04
12024   STOX2           0.000000            0.140264            0.000000           0.000000            0.018313     0.981854   3.662237e-10
11189  LHFPL5           0.000000            0.073798            0.000000           0.000000            0.008596     0.991441   1.030991e-03

[12986 rows x 8 columns]
Sorted by fold_change:
           genes  in_group_fraction  out_group_fraction  in_out_group_ratio  in_group_mean_exp  out_group_mean_exp  fold_change      pvals_adj
19          IFI6           1.000000            0.981255            1.019103           0.633942            0.155570     1.613445   0.000000e+00
45     RAB11FIP1           0.935897            0.585300            1.599006           0.480558            0.040826     1.552292  4.688727e-307
12           MX1           0.970085            0.616699            1.573029           0.488386            0.052063     1.547008   0.000000e+00
8          IFI27           1.000000            0.999941            1.000059           0.670778            0.238431     1.540869   0.000000e+00
24       S100A14           0.975783            0.725859            1.344316           0.500851            0.071532     1.536211   0.000000e+00
...          ...                ...                 ...                 ...                ...                 ...          ...            ...
12981     COL1A1           1.000000            0.999941            1.000059           0.274048            0.402723     0.879260  1.860232e-154
12962     COL3A1           1.000000            0.999941            1.000059           0.161662            0.290565     0.879059  6.643830e-110
12978      POSTN           1.000000            0.997221            1.002787           0.117933            0.260899     0.866783  1.501432e-139
12967     COL1A2           1.000000            0.999941            1.000059           0.215870            0.364045     0.862280  6.061685e-121
12984       DBN1           0.997151            1.000000            0.997151           0.143192            0.329997     0.829605  8.564984e-164

[12986 rows x 8 columns]
Data contains: {'connective_tissue', 'adipose_tissue', 'cancer_in_situ', 'breast_glands', 'unknown', 'immune_infiltrate', 'invasive_cancer'}

----------- Region: connective_tissue -----------
Sorted by in_out_group_ratio:
          genes  in_group_fraction  out_group_fraction  in_out_group_ratio  in_group_mean_exp  out_group_mean_exp  fold_change     pvals_adj
277       GBGT1           0.171317            0.019379            8.840461           0.019214            0.002103     1.017258  6.267287e-46
164      NKX6-1           0.209387            0.037451            5.590963           0.018554            0.002438     1.016246  3.828936e-59
791       AMPD1           0.135332            0.027000            5.012394           0.010660            0.003180     1.007508  1.821516e-23
232        FUT7           0.198435            0.039846            4.980043           0.026212            0.005227     1.021206  1.183910e-50
457       ASIC3           0.170535            0.040136            4.248870           0.021430            0.003828     1.017758  8.613140e-35
...         ...                ...                 ...                 ...                ...                 ...          ...           ...
9509    ZSCAN12           0.002608            0.068080            0.038302           0.000199            0.006443     0.993775  1.291131e-09
9351      LRTM2           0.001825            0.064088            0.028481           0.000044            0.006913     0.993154  7.753873e-09
10528      ERFE           0.002347            0.088329            0.026569           0.000076            0.010913     0.989221  1.086441e-15
9613     SEMA6D           0.001043            0.068225            0.015288           0.000033            0.007780     0.992282  4.524818e-10
9672   SLC22A31           0.000000            0.068660            0.000000           0.000000            0.007290     0.992736  1.898891e-10

[12986 rows x 8 columns]
Sorted by fold_change:
       genes  in_group_fraction  out_group_fraction  in_out_group_ratio  in_group_mean_exp  out_group_mean_exp  fold_change      pvals_adj
3       IGHM           0.999218            1.000000            0.999218           0.309050            0.227119     1.085381  8.687755e-210
1      KRT17           0.875098            0.664465            1.316996           0.139417            0.066841     1.075274  5.457773e-292
0      IGHA1           0.999739            1.000000            0.999739           0.487785            0.420874     1.069200   0.000000e+00
9       CYBA           0.999218            1.000000            0.999218           0.359051            0.297919     1.063039  1.439241e-147
30     HLA-A           1.000000            0.999927            1.000073           0.352018            0.301541     1.051773  8.453235e-105
...      ...                ...                 ...                 ...                ...                 ...          ...            ...
12963   LRP1           0.998435            1.000000            0.998435           0.251411            0.316777     0.936725  4.805479e-123
12984   CFL1           1.000000            0.999927            1.000073           0.398291            0.468681     0.932031  9.675092e-174
12956   TPI1           0.996871            0.997097            0.999773           0.249611            0.322366     0.929829  5.877694e-118
12969   FTH1           0.999739            1.000000            0.999739           0.430381            0.504433     0.928623  8.673716e-129
12981   EEF2           0.999739            1.000000            0.999739           0.318910            0.399183     0.922864  2.752233e-163

[12986 rows x 8 columns]
Data contains: {'connective_tissue', 'adipose_tissue', 'cancer_in_situ', 'breast_glands', 'unknown', 'immune_infiltrate', 'invasive_cancer'}

----------- Region: immune_infiltrate -----------
Sorted by in_out_group_ratio:
          genes  in_group_fraction  out_group_fraction  in_out_group_ratio  in_group_mean_exp  out_group_mean_exp  fold_change     pvals_adj
694      ZNF234           0.333333            0.045171            7.379355           0.040089            0.003696     1.037063  5.395493e-25
503      CDC14A           0.366228            0.055313            6.621048           0.081958            0.005886     1.079040  1.077812e-29
1022      PRKCQ           0.298246            0.047561            6.270833           0.083603            0.005008     1.081766  5.063481e-20
181       TIAM1           0.469298            0.080608            5.821945           0.066360            0.007346     1.060791  2.184735e-45
513    KIAA1024           0.379386            0.065921            5.755195           0.056135            0.007708     1.049619  1.983977e-29
...         ...                ...                 ...                 ...                ...                 ...          ...           ...
10294     TYRP1           0.000000            0.059276            0.000000           0.000000            0.008050     0.991982  4.686517e-02
10286      FHIT           0.000000            0.059043            0.000000           0.000000            0.007530     0.992498  4.781690e-02
10281    OR51E1           0.000000            0.058868            0.000000           0.000000            0.008715     0.991323  4.853132e-02
10276     CBLN3           0.000000            0.058752            0.000000           0.000000            0.005355     0.994660  4.897018e-02
10826    BOLA2B           0.000000            0.076237            0.000000           0.000000            0.008952     0.991088  9.567525e-03

[12986 rows x 8 columns]
Sorted by fold_change:
          genes  in_group_fraction  out_group_fraction  in_out_group_ratio  in_group_mean_exp  out_group_mean_exp  fold_change      pvals_adj
3         PTGDS           1.000000            0.947135            1.055815           0.299443            0.100372     1.220269  2.263537e-112
1         TXNIP           1.000000            0.967360            1.033741           0.346286            0.148633     1.218540  3.484567e-119
16        CCL19           0.964912            0.831381            1.160614           0.280262            0.086363     1.213974   1.367420e-83
9          CCL5           0.962719            0.697266            1.380705           0.255949            0.086221     1.184983   5.950298e-94
125     CCDC152           0.997807            0.961299            1.037978           0.349830            0.180848     1.184099   3.931041e-51
...         ...                ...                 ...                 ...                ...                 ...          ...            ...
12969    SEZ6L2           0.984649            0.985720            0.998913           0.118711            0.197987     0.923786   9.933320e-36
12570     MMP11           1.000000            0.978551            1.021919           0.125587            0.209041     0.919934   9.360051e-11
12974  TMEM132A           0.907895            0.955878            0.949802           0.111077            0.201956     0.913128   1.124060e-39
12942      DBN1           1.000000            0.999883            1.000117           0.233506            0.324918     0.912641   9.048417e-26
12948   PRELID1           1.000000            0.999942            1.000058           0.218253            0.314148     0.908560   1.122874e-27

[12986 rows x 8 columns]
Data contains: {'connective_tissue', 'adipose_tissue', 'cancer_in_situ', 'breast_glands', 'unknown', 'immune_infiltrate', 'invasive_cancer'}

----------- Region: invasive_cancer -----------
Sorted by in_out_group_ratio:
          genes  in_group_fraction  out_group_fraction  in_out_group_ratio  in_group_mean_exp  out_group_mean_exp  fold_change      pvals_adj
6332      RBM44           0.189493            0.001965           96.421643           0.019764            0.000126     1.019832   7.652744e-83
6474     ZNF225           0.185200            0.003380           54.789148           0.020304            0.000249     1.020258   5.239563e-78
6643      KCNE3           0.181521            0.006446           28.160082           0.021816            0.000657     1.021384   1.578224e-72
4462     ZNF667           0.280662            0.010691           26.252244           0.028877            0.000731     1.028545  1.228520e-170
6970   TMEM178B           0.169665            0.006996           24.250622           0.022089            0.000681     1.021638   7.769681e-63
...         ...                ...                 ...                 ...                ...                 ...          ...            ...
12571     PRR15           0.000000            0.104237            0.000000           0.000000            0.012019     0.988053   1.059093e-26
12267     TOP3B           0.000000            0.072872            0.000000           0.000000            0.006331     0.993689   8.155947e-14
12257     BRCA2           0.000000            0.072164            0.000000           0.000000            0.009630     0.990417   1.413959e-13
12259      ART4           0.000000            0.072400            0.000000           0.000000            0.009514     0.990531   1.177463e-13
12621    FBXO36           0.000000            0.111312            0.000000           0.000000            0.016590     0.983547   3.153325e-30

[12986 rows x 8 columns]
Sorted by fold_change:
          genes  in_group_fraction  out_group_fraction  in_out_group_ratio  in_group_mean_exp  out_group_mean_exp  fold_change      pvals_adj
1       PRELID1           1.000000            0.999921            1.000079           0.514750            0.233567     1.324695   0.000000e+00
4           FN1           1.000000            0.999057            1.000944           0.512179            0.232816     1.322287   0.000000e+00
8      SERPINH1           1.000000            0.999921            1.000079           0.535201            0.257649     1.319895   0.000000e+00
7          DBN1           1.000000            0.999843            1.000157           0.520259            0.246521     1.314870   0.000000e+00
6         LMAN2           1.000000            0.999921            1.000079           0.575839            0.302765     1.313998   0.000000e+00
...         ...                ...                 ...                 ...                ...                 ...          ...            ...
12967       CFD           0.979967            0.991746            0.988123           0.158612            0.235487     0.926005  6.587577e-230
12960     HLA-A           1.000000            0.999921            1.000079           0.256817            0.333957     0.925760  2.131039e-203
12984      CCL5           0.419052            0.813773            0.514949           0.033453            0.112598     0.923906   0.000000e+00
12932     IFI27           1.000000            0.999921            1.000079           0.196892            0.278264     0.921851  2.168978e-135
12981      APOD           0.805192            0.900715            0.893947           0.056247            0.144744     0.915306   0.000000e+00

[12986 rows x 8 columns]

Selected marker genes for G2:
{'adipose_tissue': ['GPX3', 'CFD', 'LIPE'], 'breast_glands': ['KRT17', 'QARS', 'APOD', 'CDYL'], 'cancer_in_situ': ['IFI6', 'RAB11FIP1', 'MX1', 'IFI27', 'S100A14', 'TM4SF1', 'S100P', 'SSFA2', 'CITED4', 'WHSC1L1'], 'connective_tissue': [], 'immune_infiltrate': ['PTGDS', 'TXNIP', 'CCL19', 'CCL5', 'CCDC152', 'CST3', 'B2M', 'MMP9', 'NXF1', 'CD74'], 'invasive_cancer': ['PRELID1', 'FN1', 'SERPINH1', 'DBN1', 'LMAN2', 'TMED9', 'CNN3', 'METRNL', 'MMP11', 'FAM20C']}
Number of unique selected genes: 37

================== Sample: E1 ==================
Included valid tissue regions: ['connective_tissue', 'immune_infiltrate', 'invasive_cancer']
Data contains: {'immune_infiltrate', 'connective_tissue', 'invasive_cancer', 'unknown'}

----------- Region: connective_tissue -----------
Sorted by in_out_group_ratio:
         genes  in_group_fraction  out_group_fraction  in_out_group_ratio  in_group_mean_exp  out_group_mean_exp  fold_change      pvals_adj
99    SMARCAD1           0.774859            0.034960           22.164075           0.113051            0.003717     1.115534  3.562465e-188
20       RFESD           0.863039            0.042232           20.435744           0.129219            0.004597     1.132720  3.140460e-231
164     ZNF586           0.746717            0.040134           18.605474           0.122525            0.004460     1.125317  5.100008e-172
126    ANKRD36           0.774859            0.045635           16.979628           0.053143            0.003526     1.050868  1.893410e-178
324      NAA16           0.688555            0.043537           15.815394           0.120692            0.004952     1.122704  2.675931e-145
...        ...                ...                 ...                 ...                ...                 ...          ...            ...
9785      GNMT           0.000000            0.121941            0.000000           0.000000            0.010564     0.989492   2.381261e-06
7842     KCNJ8           0.000000            0.055703            0.000000           0.000000            0.006599     0.993423   3.285023e-02
7841     NLRP2           0.000000            0.055703            0.000000           0.000000            0.005472     0.994543   3.285023e-02
8325   PLA2G2A           0.000000            0.068615            0.000000           0.000000            0.010859     0.989200   8.487239e-03
8372     ACSL4           0.000000            0.070060            0.000000           0.000000            0.007732     0.992298   7.193140e-03

[11806 rows x 8 columns]
Sorted by fold_change:
          genes  in_group_fraction  out_group_fraction  in_out_group_ratio  in_group_mean_exp  out_group_mean_exp  fold_change      pvals_adj
4            C3           1.000000            0.999953            1.000047           0.681923            0.323580     1.430956  3.266438e-254
1         TAGLN           1.000000            0.997949            1.002055           0.587209            0.277556     1.362952  2.380614e-258
0       ALDH3B1           1.000000            0.597585            1.673401           0.379269            0.081941     1.346257  1.597647e-258
9        RNASE1           1.000000            0.999953            1.000047           0.700026            0.404115     1.344350  6.990026e-246
3           DCN           1.000000            0.806041            1.240632           0.406750            0.111561     1.343381  8.331125e-256
...         ...                ...                 ...                 ...                ...                 ...          ...            ...
11668     CXXC5           1.000000            0.997390            1.002617           0.176343            0.268904     0.911593   5.257634e-45
11515     MLLT6           1.000000            0.999907            1.000093           0.157843            0.251662     0.910447   2.327835e-31
11722   RARRES1           0.949343            0.969608            0.979100           0.090380            0.186200     0.908627   4.125340e-56
11802      GRK2           0.917448            0.968116            0.947663           0.072593            0.196978     0.883039  2.332132e-107
11805  HSP90AA1           0.474672            0.912460            0.520211           0.037525            0.168824     0.876956  3.921281e-148

[11806 rows x 8 columns]
Data contains: {'immune_infiltrate', 'connective_tissue', 'invasive_cancer', 'unknown'}

----------- Region: immune_infiltrate -----------
Sorted by in_out_group_ratio:
          genes  in_group_fraction  out_group_fraction  in_out_group_ratio  in_group_mean_exp  out_group_mean_exp  fold_change      pvals_adj
357        FMN2           0.164497            0.004269           38.532799           0.019567            0.000372     1.019380   1.349345e-79
264     SIGLEC9           0.186095            0.007290           25.526824           0.022175            0.000504     1.021907   3.516117e-99
164      HMG20A           0.218047            0.014186           15.370318           0.030953            0.001575     1.029814  2.270370e-128
430       RGS20           0.158728            0.010771           14.736522           0.023944            0.001106     1.023100   1.738841e-68
451    IGHV5-51           0.160059            0.015237           10.504573           0.017666            0.000970     1.016837   5.271884e-66
...         ...                ...                 ...                 ...                ...                 ...          ...            ...
7734  ZNF385C.1           0.000000            0.080717            0.000000           0.000000            0.007195     0.992831   2.474874e-21
8552    EFCAB10           0.000000            0.100026            0.000000           0.000000            0.011159     0.988903   5.786870e-32
9224     RAB33B           0.000000            0.119204            0.000000           0.000000            0.012241     0.987834   9.391911e-45
8350       SOX9           0.000000            0.094838            0.000000           0.000000            0.011732     0.988336   6.927436e-29
7522       ASIP           0.000000            0.076580            0.000000           0.000000            0.009132     0.990909   2.385585e-19

[11806 rows x 8 columns]
Sorted by fold_change:
        genes  in_group_fraction  out_group_fraction  in_out_group_ratio  in_group_mean_exp  out_group_mean_exp  fold_change  pvals_adj
0       IGHA1           1.000000            0.999934            1.000066           0.578591            0.427621     1.162961        0.0
4       IGHG3           1.000000            0.999934            1.000066           0.627111            0.483640     1.154273        0.0
1       IGLC2           1.000000            0.999934            1.000066           0.555385            0.433076     1.130103        0.0
6       JSRP1           0.999852            1.000000            0.999852           0.488979            0.374269     1.121548        0.0
2        C1QA           1.000000            0.999934            1.000066           0.640706            0.526435     1.121055        0.0
...       ...                ...                 ...                 ...                ...                 ...          ...        ...
11790    FASN           1.000000            0.999934            1.000066           0.302289            0.422231     0.886971        0.0
11796  DHCR24           1.000000            0.999934            1.000066           0.374635            0.503548     0.879050        0.0
11801   ERBB2           0.999852            1.000000            0.999852           0.381153            0.517975     0.872125        0.0
11804   PSMD3           0.999852            1.000000            0.999852           0.295301            0.439628     0.865605        0.0
11802    GRB7           0.999852            1.000000            0.999852           0.282421            0.429428     0.863287        0.0

[11806 rows x 8 columns]
Data contains: {'immune_infiltrate', 'connective_tissue', 'invasive_cancer', 'unknown'}

----------- Region: invasive_cancer -----------
Sorted by in_out_group_ratio:
         genes  in_group_fraction  out_group_fraction  in_out_group_ratio  in_group_mean_exp  out_group_mean_exp  fold_change      pvals_adj
3074   SLC20A2           0.230435            0.009923           23.223118           0.023692            0.000845     1.023111  9.317719e-158
4251     DCHS2           0.186084            0.010949           16.995317           0.020067            0.000704     1.019551  2.835150e-100
1752     ADAT1           0.306117            0.018477           16.567728           0.030195            0.001218     1.029401  1.354755e-268
4416   ALDH1A3           0.181473            0.011428           15.879426           0.022981            0.001345     1.021872   9.788569e-94
5124     NSUN6           0.154211            0.009786           15.758671           0.019749            0.000882     1.019046   1.091696e-68
...        ...                ...                 ...                 ...                ...                 ...          ...            ...
11615    SMIM8           0.002713            0.087320            0.031065           0.000149            0.008287     0.991895   1.546802e-24
11686     M1AP           0.001899            0.101348            0.018736           0.000137            0.011134     0.989064   3.030616e-33
11576     FMN2           0.000678            0.080203            0.008455           0.000046            0.009416     0.990674   8.100455e-22
11596     OXTR           0.000678            0.081982            0.008272           0.000074            0.009019     0.991095   9.702900e-23
11698    CDHR1           0.000136            0.103606            0.001309           0.000009            0.011602     0.988473   7.467416e-36

[11806 rows x 8 columns]
Sorted by fold_change:
          genes  in_group_fraction  out_group_fraction  in_out_group_ratio  in_group_mean_exp  out_group_mean_exp  fold_change      pvals_adj
1          GRB7           1.000000            0.999932            1.000068           0.551701            0.299730     1.286558   0.000000e+00
0         ERBB2           1.000000            0.999932            1.000068           0.632042            0.397128     1.264800   0.000000e+00
3         PSMD3           1.000000            0.999932            1.000068           0.548388            0.317987     1.259105   0.000000e+00
2          FASN           1.000000            0.999932            1.000068           0.537907            0.308381     1.258003   0.000000e+00
4         MLLT6           1.000000            0.999863            1.000137           0.395520            0.175656     1.245908   0.000000e+00
...         ...                ...                 ...                 ...                ...                 ...          ...            ...
11796    ACVRL1           0.888105            0.914049            0.971617           0.114008            0.149018     0.965596   2.435420e-96
11759    JCHAIN           0.926082            0.958804            0.965872           0.140813            0.176224     0.965209   5.127705e-56
11805  NDUFA4L2           0.163841            0.405803            0.403745           0.017154            0.052854     0.964929  1.105802e-202
11797     PTPN7           0.863014            0.902553            0.956192           0.120097            0.156181     0.964559   1.964303e-99
11798   RARRES2           1.000000            0.999932            1.000068           0.327086            0.376068     0.952198  6.265733e-102

[11806 rows x 8 columns]

Selected marker genes for E1:
{'connective_tissue': ['C3', 'TAGLN', 'ALDH3B1', 'RNASE1', 'DCN', 'SDF2L1', 'NDUFB11', 'ENO1', 'TPT1', 'IGFBP4'], 'immune_infiltrate': ['IGHA1', 'IGHG3', 'IGLC2', 'C1QA', 'MZB1', 'CD68', 'BEST1', 'CYBA', 'IGLC3', 'IGLL1'], 'invasive_cancer': ['GRB7', 'ERBB2', 'PSMD3', 'FASN', 'MLLT6', 'ATP1A1', 'PDIA3', 'PEBP1', 'CCNE1', 'PIEZO1']}
Number of unique selected genes: 30
==================== Query section: H2 ====================
========== H2 vs. H1 ==========
       ACTG1     ADH1B     ADIRF      APOD   ATP6V0B     AZGP1      B2M        C3      CD24  ...      SDC1      SLPI    SORBS1    SURF4     TIMP1     TRBC1      XBP1   ZFP36L2   average
H2  0.942421  0.912628  0.884286  0.957831  0.911651  0.959009  0.83503  0.801208  0.958528  ...  0.848637  0.833835  0.982012  0.88721  0.944321  0.906219  0.900451  0.903794  0.902383

[1 rows x 49 columns]
========== H2 vs. G2 ==========
       APOD       B2M   CCDC152     CCL19      CCL5     CD74      CDYL       CFD    CITED4  ...  S100A14     S100P  SERPINH1     SSFA2   TM4SF1   TMED9     TXNIP   WHSC1L1   average
H2  0.77301  0.611325  0.907116  0.512946  0.742696  0.77112  0.714345  0.635638  0.877069  ...  0.77533  0.329288  0.545421  0.469898  0.87454  0.5218  0.896851  0.587386  0.685307

[1 rows x 38 columns]
========== H2 vs. E1 ==========
     ALDH3B1    ATP1A1     BEST1      C1QA        C3     CCNE1      CD68      CYBA       DCN  ...     PDIA3     PEBP1    PIEZO1     PSMD3    RNASE1  SDF2L1    TAGLN      TPT1   average
H2  0.720952  0.806121  0.791902  0.424963  0.712079  0.224439  0.458576  0.710094  0.923305  ...  0.744488  0.933744  0.864406  0.449019  0.705118  0.3982  0.71077  0.928969  0.697871

[1 rows x 31 columns]
========== Similarity summary for H2 ==========
    KS_similarity    weight  weighted_KS_similarity
H1       0.902383  1.000000                0.902383
E1       0.697871  0.632456                0.441372
G2       0.685307  0.774597                0.530837
==================== H2 selected references ====================
Selection score key: KS_similarity
Selection mode: cutoff
Alpha: 0.85
Maximum score: 0.9024
Alpha cutoff: 0.767
Minimum similarity level: 0.75
References above minimum level: ['H1']
References selected by main rule: ['H1']
Final selected references: ['H1']
[reference_selection] completed at 2026-07-13T00:08:48.188733+00:00 (elapsed 378.441 seconds)
